#
# There is insufficient memory for the Java Runtime Environment to continue.
# Native memory allocation (mmap) failed to map 123731968 bytes for G1 virtual space
# Possible reasons:
#   The system is out of physical RAM or swap space
#   The process is running with CompressedOops enabled, and the Java Heap may be blocking the growth of the native heap
# Possible solutions:
#   Reduce memory load on the system
#   Increase physical memory or swap space
#   Check if swap backing store is full
#   Decrease Java heap size (-Xmx/-Xms)
#   Decrease number of Java threads
#   Decrease Java thread stack sizes (-Xss)
#   Set larger code cache with -XX:ReservedCodeCacheSize=
#   JVM is running with Unscaled Compressed Oops mode in which the Java heap is
#     placed in the first 4GB address space. The Java Heap base address is the
#     maximum limit for the native heap growth. Please use -XX:HeapBaseMinAddress
#     to set the Java Heap base and to place the Java Heap above 4GB virtual address.
# This output file may be truncated or incomplete.
#
#  Out of Memory Error (os_windows.cpp:3527), pid=16168, tid=19412
#
# JRE version: Java(TM) SE Runtime Environment (19.0.1+10) (build 19.0.1+10-21)
# Java VM: Java HotSpot(TM) 64-Bit Server VM (19.0.1+10-21, mixed mode, sharing, tiered, compressed oops, compressed class ptrs, g1 gc, windows-amd64)
# No core dump will be written. Minidumps are not enabled by default on client versions of Windows
#

---------------  S U M M A R Y ------------

Command Line: -javaagent:C:\Program Files\JetBrains\IntelliJ IDEA Community Edition 2022.2.3\lib\idea_rt.jar=57832:C:\Program Files\JetBrains\IntelliJ IDEA Community Edition 2022.2.3\bin -Dfile.encoding=UTF-8 -Dsun.stdout.encoding=UTF-8 -Dsun.stderr.encoding=UTF-8 com.example.workflow.Application

Host: Intel(R) Core(TM) i5-4300U CPU @ 1.90GHz, 4 cores, 7G,  Windows 11 , 64 bit Build 22000 (10.0.22000.1335)
Time: Sun Jan 29 13:09:41 2023 Egypt Standard Time elapsed time: 14.638417 seconds (0d 0h 0m 14s)

---------------  T H R E A D  ---------------

Current thread (0x000001e929546dc0):  VMThread "VM Thread" [stack: 0x0000000c00400000,0x0000000c00500000] [id=19412]

Stack: [0x0000000c00400000,0x0000000c00500000]
Native frames: (J=compiled Java code, j=interpreted, Vv=VM code, C=native code)
V  [jvm.dll+0x6ee8fa]
V  [jvm.dll+0x857a1e]
V  [jvm.dll+0x85940e]
V  [jvm.dll+0x859ac3]
V  [jvm.dll+0x28291f]
V  [jvm.dll+0x6eb6e9]
V  [jvm.dll+0x6e028a]
V  [jvm.dll+0x357136]
V  [jvm.dll+0x35eb96]
V  [jvm.dll+0x3b555e]
V  [jvm.dll+0x3b578f]
V  [jvm.dll+0x32c6ea]
V  [jvm.dll+0x32c797]
V  [jvm.dll+0x374b52]
V  [jvm.dll+0x37328f]
V  [jvm.dll+0x32bf10]
V  [jvm.dll+0x37282b]
V  [jvm.dll+0x85ef83]
V  [jvm.dll+0x85fd49]
V  [jvm.dll+0x86027d]
V  [jvm.dll+0x86070b]
V  [jvm.dll+0x8607c7]
V  [jvm.dll+0x8015fa]
V  [jvm.dll+0x6ed5eb]
C  [ucrtbase.dll+0x26c0c]
C  [KERNEL32.DLL+0x155a0]
C  [ntdll.dll+0x485b]

VM_Operation (0x0000000c7fefcff0): G1CollectForAllocation, mode: safepoint, requested by thread 0x000001e90b5dffc0


---------------  P R O C E S S  ---------------

Threads class SMR info:
_java_thread_list=0x000001e931d4e210, length=21, elements={
0x000001e90b5dffc0, 0x000001e929564950, 0x000001e929567530, 0x000001e929568000,
0x000001e92956a940, 0x000001e92956b270, 0x000001e92956bba0, 0x000001e92956c800,
0x000001e9295be3e0, 0x000001e9295be960, 0x000001e929536d30, 0x000001e92dd481f0,
0x000001e92da218a0, 0x000001e92fc77550, 0x000001e92fc77aa0, 0x000001e92fc76560,
0x000001e92fc78a90, 0x000001e92fc76ab0, 0x000001e92fc78fe0, 0x000001e92fc76010,
0x000001e930c7f5c0
}

Java Threads: ( => current thread )
  0x000001e90b5dffc0 JavaThread "main" [_thread_blocked, id=22316, stack(0x0000000c7fe00000,0x0000000c7ff00000)]
  0x000001e929564950 JavaThread "Reference Handler" daemon [_thread_blocked, id=4248, stack(0x0000000c00500000,0x0000000c00600000)]
  0x000001e929567530 JavaThread "Finalizer" daemon [_thread_blocked, id=20640, stack(0x0000000c00600000,0x0000000c00700000)]
  0x000001e929568000 JavaThread "Signal Dispatcher" daemon [_thread_blocked, id=7720, stack(0x0000000c00700000,0x0000000c00800000)]
  0x000001e92956a940 JavaThread "Attach Listener" daemon [_thread_blocked, id=12732, stack(0x0000000c00800000,0x0000000c00900000)]
  0x000001e92956b270 JavaThread "Service Thread" daemon [_thread_blocked, id=21308, stack(0x0000000c00900000,0x0000000c00a00000)]
  0x000001e92956bba0 JavaThread "Monitor Deflation Thread" daemon [_thread_blocked, id=14380, stack(0x0000000c00a00000,0x0000000c00b00000)]
  0x000001e92956c800 JavaThread "C2 CompilerThread0" daemon [_thread_blocked, id=12088, stack(0x0000000c00b00000,0x0000000c00c00000)]
  0x000001e9295be3e0 JavaThread "C1 CompilerThread0" daemon [_thread_blocked, id=5368, stack(0x0000000c00c00000,0x0000000c00d00000)]
  0x000001e9295be960 JavaThread "Sweeper thread" daemon [_thread_blocked, id=19312, stack(0x0000000c00d00000,0x0000000c00e00000)]
  0x000001e929536d30 JavaThread "Common-Cleaner" daemon [_thread_blocked, id=1920, stack(0x0000000c00e00000,0x0000000c00f00000)]
  0x000001e92dd481f0 JavaThread "Monitor Ctrl-Break" daemon [_thread_in_native, id=12576, stack(0x0000000c00f00000,0x0000000c01000000)]
  0x000001e92da218a0 JavaThread "Notification Thread" daemon [_thread_blocked, id=21740, stack(0x0000000c01000000,0x0000000c01100000)]
  0x000001e92fc77550 JavaThread "FetchAndLockHandlerImpl" [_thread_blocked, id=22808, stack(0x0000000c01400000,0x0000000c01500000)]
  0x000001e92fc77aa0 JavaThread "Catalina-utility-1" [_thread_blocked, id=19196, stack(0x0000000c01700000,0x0000000c01800000)]
  0x000001e92fc76560 JavaThread "Catalina-utility-2" [_thread_blocked, id=20772, stack(0x0000000c01800000,0x0000000c01900000)]
  0x000001e92fc78a90 JavaThread "container-0" [_thread_blocked, id=6132, stack(0x0000000c01900000,0x0000000c01a00000)]
  0x000001e92fc76ab0 JavaThread "mysql-cj-abandoned-connection-cleanup" daemon [_thread_blocked, id=20920, stack(0x0000000c01a00000,0x0000000c01b00000)]
  0x000001e92fc78fe0 JavaThread "HikariPool-1 housekeeper" daemon [_thread_blocked, id=9740, stack(0x0000000c01c00000,0x0000000c01d00000)]
  0x000001e92fc76010 JavaThread "HikariPool-1 connection adder" daemon [_thread_blocked, id=24256, stack(0x0000000c01d00000,0x0000000c01e00000)]
  0x000001e930c7f5c0 JavaThread "C2 CompilerThread1" daemon [_thread_blocked, id=7140, stack(0x0000000c01600000,0x0000000c01700000)]

Other Threads:
=>0x000001e929546dc0 VMThread "VM Thread" [stack: 0x0000000c00400000,0x0000000c00500000] [id=19412]
  0x000001e92db16f90 WatcherThread "VM Periodic Task Thread" [stack: 0x0000000c01100000,0x0000000c01200000] [id=7568]
  0x000001e90b63d970 WorkerThread "GC Thread#0" [stack: 0x0000000c7ff00000,0x0000000c80000000] [id=11720]
  0x000001e92df65db0 WorkerThread "GC Thread#1" [stack: 0x0000000c01200000,0x0000000c01300000] [id=7260]
  0x000001e92dd23920 WorkerThread "GC Thread#2" [stack: 0x0000000c01300000,0x0000000c01400000] [id=220]
  0x000001e92e3b6aa0 WorkerThread "GC Thread#3" [stack: 0x0000000c01500000,0x0000000c01600000] [id=23756]
  0x000001e90b64e610 ConcurrentGCThread "G1 Main Marker" [stack: 0x0000000c00000000,0x0000000c00100000] [id=9224]
  0x000001e90b64f040 WorkerThread "G1 Conc#0" [stack: 0x0000000c00100000,0x0000000c00200000] [id=10468]
  0x000001e9294028f0 ConcurrentGCThread "G1 Refine#0" [stack: 0x0000000c00200000,0x0000000c00300000] [id=22868]
  0x000001e929403640 ConcurrentGCThread "G1 Service" [stack: 0x0000000c00300000,0x0000000c00400000] [id=3992]

Threads with active compile tasks:
C2 CompilerThread0    14684 6409       4       com.sun.org.apache.xerces.internal.utils.XMLLimitAnalyzer::addValue (260 bytes)
C1 CompilerThread0    14684 6473  s    3       java.util.Stack::pop (19 bytes)
C2 CompilerThread1    14684 6443       4       com.sun.org.apache.xerces.internal.impl.XMLEntityScanner::scanName (329 bytes)

VM state: at safepoint (normal execution)

VM Mutex/Monitor currently owned by a thread:  ([mutex/lock_event])
[0x000001e90b5da270] Threads_lock - owner thread: 0x000001e929546dc0
[0x000001e90b5d96a0] Heap_lock - owner thread: 0x000001e90b5dffc0

Heap address: 0x0000000081600000, size: 2026 MB, Compressed Oops mode: 32-bit

CDS archive(s) mapped at: [0x0000000800000000-0x0000000800c40000-0x0000000800c40000), size 12845056, SharedBaseAddress: 0x0000000800000000, ArchiveRelocationMode: 0.
Compressed class space mapped at: 0x0000000801000000-0x0000000841000000, reserved size: 1073741824
Narrow klass base: 0x0000000800000000, Narrow klass shift: 0, Narrow klass range: 0x100000000

GC Precious Log:
 CardTable entry size: 512
 Card Set container configuration: InlinePtr #cards 5 size 8 Array Of Cards #cards 12 size 40 Howl #buckets 4 coarsen threshold 1843 Howl Bitmap #cards 512 size 80 coarsen threshold 460 Card regions per heap region 1 cards per card region 2048
 CPUs: 4 total, 4 available
 Memory: 8097M
 Large Page Support: Disabled
 NUMA Support: Disabled
 Compressed Oops: Enabled (32-bit)
 Heap Region Size: 1M
 Heap Min Capacity: 8M
 Heap Initial Capacity: 128M
 Heap Max Capacity: 2026M
 Pre-touch: Disabled
 Parallel Workers: 4
 Concurrent Workers: 1
 Concurrent Refinement Workers: 4
 Periodic GC: Disabled

Heap:
 garbage-first heap   total 136192K, used 36688K [0x0000000081600000, 0x0000000100000000)
  region size 1024K, 5 young (5120K), 5 survivors (5120K)
 Metaspace       used 65653K, committed 66112K, reserved 1114112K
  class space    used 8444K, committed 8640K, reserved 1048576K

Heap Regions: E=young(eden), S=young(survivor), O=old, HS=humongous(starts), HC=humongous(continues), CS=collection set, F=free, OA=open archive, CA=closed archive, TAMS=top-at-mark-start (previous, next)
|   0|0x0000000081600000, 0x0000000081700000, 0x0000000081700000|100%|HS|  |TAMS 0x0000000081700000, 0x0000000081600000| Complete 
|   1|0x0000000081700000, 0x0000000081800000, 0x0000000081800000|100%| O|  |TAMS 0x0000000081800000, 0x0000000081700000| Untracked 
|   2|0x0000000081800000, 0x0000000081900000, 0x0000000081900000|100%| O|  |TAMS 0x0000000081900000, 0x0000000081800000| Untracked 
|   3|0x0000000081900000, 0x0000000081a00000, 0x0000000081a00000|100%| O|  |TAMS 0x0000000081a00000, 0x0000000081900000| Untracked 
|   4|0x0000000081a00000, 0x0000000081b00000, 0x0000000081b00000|100%| O|  |TAMS 0x0000000081b00000, 0x0000000081a00000| Untracked 
|   5|0x0000000081b00000, 0x0000000081c00000, 0x0000000081c00000|100%| O|  |TAMS 0x0000000081c00000, 0x0000000081b00000| Untracked 
|   6|0x0000000081c00000, 0x0000000081d00000, 0x0000000081d00000|100%| O|  |TAMS 0x0000000081d00000, 0x0000000081c00000| Untracked 
|   7|0x0000000081d00000, 0x0000000081e00000, 0x0000000081e00000|100%| O|  |TAMS 0x0000000081e00000, 0x0000000081d00000| Untracked 
|   8|0x0000000081e00000, 0x0000000081f00000, 0x0000000081f00000|100%| O|  |TAMS 0x0000000081f00000, 0x0000000081e00000| Untracked 
|   9|0x0000000081f00000, 0x0000000082000000, 0x0000000082000000|100%| O|  |TAMS 0x0000000082000000, 0x0000000081f00000| Untracked 
|  10|0x0000000082000000, 0x0000000082100000, 0x0000000082100000|100%| O|  |TAMS 0x0000000082100000, 0x0000000082000000| Untracked 
|  11|0x0000000082100000, 0x0000000082200000, 0x0000000082200000|100%| O|  |TAMS 0x0000000082200000, 0x0000000082100000| Untracked 
|  12|0x0000000082200000, 0x0000000082300000, 0x0000000082300000|100%| O|  |TAMS 0x0000000082300000, 0x0000000082200000| Untracked 
|  13|0x0000000082300000, 0x0000000082400000, 0x0000000082400000|100%| O|  |TAMS 0x0000000082400000, 0x0000000082300000| Untracked 
|  14|0x0000000082400000, 0x0000000082500000, 0x0000000082500000|100%| O|  |TAMS 0x0000000082500000, 0x0000000082400000| Untracked 
|  15|0x0000000082500000, 0x0000000082600000, 0x0000000082600000|100%| O|  |TAMS 0x0000000082600000, 0x0000000082500000| Untracked 
|  16|0x0000000082600000, 0x0000000082700000, 0x0000000082700000|100%| O|  |TAMS 0x0000000082700000, 0x0000000082600000| Untracked 
|  17|0x0000000082700000, 0x0000000082800000, 0x0000000082800000|100%| O|  |TAMS 0x0000000082800000, 0x0000000082700000| Untracked 
|  18|0x0000000082800000, 0x0000000082900000, 0x0000000082900000|100%| O|  |TAMS 0x0000000082900000, 0x0000000082800000| Untracked 
|  19|0x0000000082900000, 0x0000000082900000, 0x0000000082a00000|  0%| F|  |TAMS 0x0000000082900000, 0x0000000082900000| Untracked 
|  20|0x0000000082a00000, 0x0000000082b00000, 0x0000000082b00000|100%| O|  |TAMS 0x0000000082b00000, 0x0000000082a00000| Untracked 
|  21|0x0000000082b00000, 0x0000000082c00000, 0x0000000082c00000|100%| O|  |TAMS 0x0000000082c00000, 0x0000000082b00000| Untracked 
|  22|0x0000000082c00000, 0x0000000082d00000, 0x0000000082d00000|100%| O|  |TAMS 0x0000000082d00000, 0x0000000082c00000| Untracked 
|  23|0x0000000082d00000, 0x0000000082e00000, 0x0000000082e00000|100%| O|  |TAMS 0x0000000082e00000, 0x0000000082d00000| Untracked 
|  24|0x0000000082e00000, 0x0000000082f00000, 0x0000000082f00000|100%| O|  |TAMS 0x0000000082e28600, 0x0000000082e00000| Untracked 
|  25|0x0000000082f00000, 0x0000000083000000, 0x0000000083000000|100%| O|  |TAMS 0x0000000082f00000, 0x0000000082f00000| Untracked 
|  26|0x0000000083000000, 0x0000000083100000, 0x0000000083100000|100%| O|  |TAMS 0x0000000083000000, 0x0000000083000000| Untracked 
|  27|0x0000000083100000, 0x0000000083200000, 0x0000000083200000|100%| O|  |TAMS 0x0000000083100000, 0x0000000083100000| Untracked 
|  28|0x0000000083200000, 0x0000000083300000, 0x0000000083300000|100%| O|  |TAMS 0x0000000083200000, 0x0000000083200000| Untracked 
|  29|0x0000000083300000, 0x0000000083400000, 0x0000000083400000|100%| O|  |TAMS 0x0000000083300000, 0x0000000083300000| Untracked 
|  30|0x0000000083400000, 0x0000000083500000, 0x0000000083500000|100%| O|  |TAMS 0x0000000083400000, 0x0000000083400000| Untracked 
|  31|0x0000000083500000, 0x0000000083600000, 0x0000000083600000|100%| O|  |TAMS 0x0000000083500000, 0x0000000083500000| Untracked 
|  32|0x0000000083600000, 0x00000000836b0e00, 0x0000000083700000| 69%| O|  |TAMS 0x0000000083600000, 0x0000000083600000| Untracked 
|  33|0x0000000083700000, 0x0000000083700000, 0x0000000083800000|  0%| F|  |TAMS 0x0000000083700000, 0x0000000083700000| Untracked 
|  34|0x0000000083800000, 0x0000000083800000, 0x0000000083900000|  0%| F|  |TAMS 0x0000000083800000, 0x0000000083800000| Untracked 
|  35|0x0000000083900000, 0x0000000083900000, 0x0000000083a00000|  0%| F|  |TAMS 0x0000000083900000, 0x0000000083900000| Untracked 
|  36|0x0000000083a00000, 0x0000000083a00000, 0x0000000083b00000|  0%| F|  |TAMS 0x0000000083a00000, 0x0000000083a00000| Untracked 
|  37|0x0000000083b00000, 0x0000000083b00000, 0x0000000083c00000|  0%| F|  |TAMS 0x0000000083b00000, 0x0000000083b00000| Untracked 
|  38|0x0000000083c00000, 0x0000000083c00000, 0x0000000083d00000|  0%| F|  |TAMS 0x0000000083c00000, 0x0000000083c00000| Untracked 
|  39|0x0000000083d00000, 0x0000000083d00000, 0x0000000083e00000|  0%| F|  |TAMS 0x0000000083d00000, 0x0000000083d00000| Untracked 
|  40|0x0000000083e00000, 0x0000000083e00000, 0x0000000083f00000|  0%| F|  |TAMS 0x0000000083e00000, 0x0000000083e00000| Untracked 
|  41|0x0000000083f00000, 0x0000000083f00000, 0x0000000084000000|  0%| F|  |TAMS 0x0000000083f00000, 0x0000000083f00000| Untracked 
|  42|0x0000000084000000, 0x0000000084000000, 0x0000000084100000|  0%| F|  |TAMS 0x0000000084000000, 0x0000000084000000| Untracked 
|  43|0x0000000084100000, 0x0000000084100000, 0x0000000084200000|  0%| F|  |TAMS 0x0000000084100000, 0x0000000084100000| Untracked 
|  44|0x0000000084200000, 0x0000000084223518, 0x0000000084300000| 13%| S|CS|TAMS 0x0000000084200000, 0x0000000084200000| Complete 
|  45|0x0000000084300000, 0x0000000084400000, 0x0000000084400000|100%| S|CS|TAMS 0x0000000084300000, 0x0000000084300000| Complete 
|  46|0x0000000084400000, 0x0000000084400000, 0x0000000084500000|  0%| F|  |TAMS 0x0000000084400000, 0x0000000084400000| Untracked 
|  47|0x0000000084500000, 0x0000000084500000, 0x0000000084600000|  0%| F|  |TAMS 0x0000000084500000, 0x0000000084500000| Untracked 
|  48|0x0000000084600000, 0x0000000084700000, 0x0000000084700000|100%| S|CS|TAMS 0x0000000084600000, 0x0000000084600000| Complete 
|  49|0x0000000084700000, 0x0000000084800000, 0x0000000084800000|100%| S|CS|TAMS 0x0000000084700000, 0x0000000084700000| Complete 
|  50|0x0000000084800000, 0x0000000084800000, 0x0000000084900000|  0%| F|  |TAMS 0x0000000084800000, 0x0000000084800000| Untracked 
|  51|0x0000000084900000, 0x0000000084900000, 0x0000000084a00000|  0%| F|  |TAMS 0x0000000084900000, 0x0000000084900000| Untracked 
|  52|0x0000000084a00000, 0x0000000084b00000, 0x0000000084b00000|100%| S|CS|TAMS 0x0000000084a00000, 0x0000000084a00000| Complete 
|  53|0x0000000084b00000, 0x0000000084b00000, 0x0000000084c00000|  0%| F|  |TAMS 0x0000000084b00000, 0x0000000084b00000| Untracked 
|  54|0x0000000084c00000, 0x0000000084c00000, 0x0000000084d00000|  0%| F|  |TAMS 0x0000000084c00000, 0x0000000084c00000| Untracked 
|  55|0x0000000084d00000, 0x0000000084d00000, 0x0000000084e00000|  0%| F|  |TAMS 0x0000000084d00000, 0x0000000084d00000| Untracked 
|  56|0x0000000084e00000, 0x0000000084e00000, 0x0000000084f00000|  0%| F|  |TAMS 0x0000000084e00000, 0x0000000084e00000| Untracked 
|  57|0x0000000084f00000, 0x0000000084f00000, 0x0000000085000000|  0%| F|  |TAMS 0x0000000084f00000, 0x0000000084f00000| Untracked 
|  58|0x0000000085000000, 0x0000000085000000, 0x0000000085100000|  0%| F|  |TAMS 0x0000000085000000, 0x0000000085000000| Untracked 
|  59|0x0000000085100000, 0x0000000085100000, 0x0000000085200000|  0%| F|  |TAMS 0x0000000085100000, 0x0000000085100000| Untracked 
|  60|0x0000000085200000, 0x0000000085200000, 0x0000000085300000|  0%| F|  |TAMS 0x0000000085200000, 0x0000000085200000| Untracked 
|  61|0x0000000085300000, 0x0000000085300000, 0x0000000085400000|  0%| F|  |TAMS 0x0000000085300000, 0x0000000085300000| Untracked 
|  62|0x0000000085400000, 0x0000000085400000, 0x0000000085500000|  0%| F|  |TAMS 0x0000000085400000, 0x0000000085400000| Untracked 
|  63|0x0000000085500000, 0x0000000085500000, 0x0000000085600000|  0%| F|  |TAMS 0x0000000085500000, 0x0000000085500000| Untracked 
|  64|0x0000000085600000, 0x0000000085600000, 0x0000000085700000|  0%| F|  |TAMS 0x0000000085600000, 0x0000000085600000| Untracked 
|  65|0x0000000085700000, 0x0000000085700000, 0x0000000085800000|  0%| F|  |TAMS 0x0000000085700000, 0x0000000085700000| Untracked 
|  66|0x0000000085800000, 0x0000000085800000, 0x0000000085900000|  0%| F|  |TAMS 0x0000000085800000, 0x0000000085800000| Untracked 
|  67|0x0000000085900000, 0x0000000085900000, 0x0000000085a00000|  0%| F|  |TAMS 0x0000000085900000, 0x0000000085900000| Untracked 
|  68|0x0000000085a00000, 0x0000000085a00000, 0x0000000085b00000|  0%| F|  |TAMS 0x0000000085a00000, 0x0000000085a00000| Untracked 
|  69|0x0000000085b00000, 0x0000000085b00000, 0x0000000085c00000|  0%| F|  |TAMS 0x0000000085b00000, 0x0000000085b00000| Untracked 
|  70|0x0000000085c00000, 0x0000000085c00000, 0x0000000085d00000|  0%| F|  |TAMS 0x0000000085c00000, 0x0000000085c00000| Untracked 
|  71|0x0000000085d00000, 0x0000000085d00000, 0x0000000085e00000|  0%| F|  |TAMS 0x0000000085d00000, 0x0000000085d00000| Untracked 
|  72|0x0000000085e00000, 0x0000000085e00000, 0x0000000085f00000|  0%| F|  |TAMS 0x0000000085e00000, 0x0000000085e00000| Untracked 
|  73|0x0000000085f00000, 0x0000000085f00000, 0x0000000086000000|  0%| F|  |TAMS 0x0000000085f00000, 0x0000000085f00000| Untracked 
|  74|0x0000000086000000, 0x0000000086000000, 0x0000000086100000|  0%| F|  |TAMS 0x0000000086000000, 0x0000000086000000| Untracked 
|  75|0x0000000086100000, 0x0000000086100000, 0x0000000086200000|  0%| F|  |TAMS 0x0000000086100000, 0x0000000086100000| Untracked 
|  76|0x0000000086200000, 0x0000000086200000, 0x0000000086300000|  0%| F|  |TAMS 0x0000000086200000, 0x0000000086200000| Untracked 
|  77|0x0000000086300000, 0x0000000086300000, 0x0000000086400000|  0%| F|  |TAMS 0x0000000086300000, 0x0000000086300000| Untracked 
|  78|0x0000000086400000, 0x0000000086400000, 0x0000000086500000|  0%| F|  |TAMS 0x0000000086400000, 0x0000000086400000| Untracked 
|  79|0x0000000086500000, 0x0000000086500000, 0x0000000086600000|  0%| F|  |TAMS 0x0000000086500000, 0x0000000086500000| Untracked 
|  80|0x0000000086600000, 0x0000000086600000, 0x0000000086700000|  0%| F|  |TAMS 0x0000000086600000, 0x0000000086600000| Untracked 
|  81|0x0000000086700000, 0x0000000086700000, 0x0000000086800000|  0%| F|  |TAMS 0x0000000086700000, 0x0000000086700000| Untracked 
|  82|0x0000000086800000, 0x0000000086800000, 0x0000000086900000|  0%| F|  |TAMS 0x0000000086800000, 0x0000000086800000| Untracked 
|  83|0x0000000086900000, 0x0000000086900000, 0x0000000086a00000|  0%| F|  |TAMS 0x0000000086900000, 0x0000000086900000| Untracked 
|  84|0x0000000086a00000, 0x0000000086a00000, 0x0000000086b00000|  0%| F|  |TAMS 0x0000000086a00000, 0x0000000086a00000| Untracked 
|  85|0x0000000086b00000, 0x0000000086b00000, 0x0000000086c00000|  0%| F|  |TAMS 0x0000000086b00000, 0x0000000086b00000| Untracked 
|  86|0x0000000086c00000, 0x0000000086c00000, 0x0000000086d00000|  0%| F|  |TAMS 0x0000000086c00000, 0x0000000086c00000| Untracked 
|  87|0x0000000086d00000, 0x0000000086d00000, 0x0000000086e00000|  0%| F|  |TAMS 0x0000000086d00000, 0x0000000086d00000| Untracked 
|  88|0x0000000086e00000, 0x0000000086e00000, 0x0000000086f00000|  0%| F|  |TAMS 0x0000000086e00000, 0x0000000086e00000| Untracked 
|  89|0x0000000086f00000, 0x0000000086f00000, 0x0000000087000000|  0%| F|  |TAMS 0x0000000086f00000, 0x0000000086f00000| Untracked 
|  90|0x0000000087000000, 0x0000000087000000, 0x0000000087100000|  0%| F|  |TAMS 0x0000000087000000, 0x0000000087000000| Untracked 
|  91|0x0000000087100000, 0x0000000087100000, 0x0000000087200000|  0%| F|  |TAMS 0x0000000087100000, 0x0000000087100000| Untracked 
|  92|0x0000000087200000, 0x0000000087200000, 0x0000000087300000|  0%| F|  |TAMS 0x0000000087200000, 0x0000000087200000| Untracked 
|  93|0x0000000087300000, 0x0000000087300000, 0x0000000087400000|  0%| F|  |TAMS 0x0000000087300000, 0x0000000087300000| Untracked 
|  94|0x0000000087400000, 0x0000000087400000, 0x0000000087500000|  0%| F|  |TAMS 0x0000000087400000, 0x0000000087400000| Untracked 
|  95|0x0000000087500000, 0x0000000087500000, 0x0000000087600000|  0%| F|  |TAMS 0x0000000087500000, 0x0000000087500000| Untracked 
|  96|0x0000000087600000, 0x0000000087600000, 0x0000000087700000|  0%| F|  |TAMS 0x0000000087600000, 0x0000000087600000| Untracked 
|  97|0x0000000087700000, 0x0000000087700000, 0x0000000087800000|  0%| F|  |TAMS 0x0000000087700000, 0x0000000087700000| Untracked 
|  98|0x0000000087800000, 0x0000000087800000, 0x0000000087900000|  0%| F|  |TAMS 0x0000000087800000, 0x0000000087800000| Untracked 
|  99|0x0000000087900000, 0x0000000087900000, 0x0000000087a00000|  0%| F|  |TAMS 0x0000000087900000, 0x0000000087900000| Untracked 
| 100|0x0000000087a00000, 0x0000000087a00000, 0x0000000087b00000|  0%| F|  |TAMS 0x0000000087a00000, 0x0000000087a00000| Untracked 
| 101|0x0000000087b00000, 0x0000000087b00000, 0x0000000087c00000|  0%| F|  |TAMS 0x0000000087b00000, 0x0000000087b00000| Untracked 
| 102|0x0000000087c00000, 0x0000000087c00000, 0x0000000087d00000|  0%| F|  |TAMS 0x0000000087c00000, 0x0000000087c00000| Untracked 
| 103|0x0000000087d00000, 0x0000000087d00000, 0x0000000087e00000|  0%| F|  |TAMS 0x0000000087d00000, 0x0000000087d00000| Untracked 
| 104|0x0000000087e00000, 0x0000000087e00000, 0x0000000087f00000|  0%| F|  |TAMS 0x0000000087e00000, 0x0000000087e00000| Untracked 
| 105|0x0000000087f00000, 0x0000000087f00000, 0x0000000088000000|  0%| F|  |TAMS 0x0000000087f00000, 0x0000000087f00000| Untracked 
| 106|0x0000000088000000, 0x0000000088000000, 0x0000000088100000|  0%| F|  |TAMS 0x0000000088000000, 0x0000000088000000| Untracked 
| 107|0x0000000088100000, 0x0000000088100000, 0x0000000088200000|  0%| F|  |TAMS 0x0000000088100000, 0x0000000088100000| Untracked 
| 108|0x0000000088200000, 0x0000000088200000, 0x0000000088300000|  0%| F|  |TAMS 0x0000000088200000, 0x0000000088200000| Untracked 
| 109|0x0000000088300000, 0x0000000088300000, 0x0000000088400000|  0%| F|  |TAMS 0x0000000088300000, 0x0000000088300000| Untracked 
| 110|0x0000000088400000, 0x0000000088400000, 0x0000000088500000|  0%| F|  |TAMS 0x0000000088400000, 0x0000000088400000| Untracked 
| 111|0x0000000088500000, 0x0000000088500000, 0x0000000088600000|  0%| F|  |TAMS 0x0000000088500000, 0x0000000088500000| Untracked 
| 112|0x0000000088600000, 0x0000000088600000, 0x0000000088700000|  0%| F|  |TAMS 0x0000000088600000, 0x0000000088600000| Untracked 
| 113|0x0000000088700000, 0x0000000088700000, 0x0000000088800000|  0%| F|  |TAMS 0x0000000088700000, 0x0000000088700000| Untracked 
| 114|0x0000000088800000, 0x0000000088800000, 0x0000000088900000|  0%| F|  |TAMS 0x0000000088800000, 0x0000000088800000| Untracked 
| 115|0x0000000088900000, 0x0000000088900000, 0x0000000088a00000|  0%| F|  |TAMS 0x0000000088900000, 0x0000000088900000| Untracked 
| 116|0x0000000088a00000, 0x0000000088a00000, 0x0000000088b00000|  0%| F|  |TAMS 0x0000000088a00000, 0x0000000088a00000| Untracked 
| 117|0x0000000088b00000, 0x0000000088b00000, 0x0000000088c00000|  0%| F|  |TAMS 0x0000000088b00000, 0x0000000088b00000| Untracked 
| 118|0x0000000088c00000, 0x0000000088c00000, 0x0000000088d00000|  0%| F|  |TAMS 0x0000000088c00000, 0x0000000088c00000| Untracked 
| 119|0x0000000088d00000, 0x0000000088d00000, 0x0000000088e00000|  0%| F|  |TAMS 0x0000000088d00000, 0x0000000088d00000| Untracked 
| 120|0x0000000088e00000, 0x0000000088e00000, 0x0000000088f00000|  0%| F|  |TAMS 0x0000000088e00000, 0x0000000088e00000| Untracked 
| 121|0x0000000088f00000, 0x0000000088f00000, 0x0000000089000000|  0%| F|  |TAMS 0x0000000088f00000, 0x0000000088f00000| Untracked 
| 122|0x0000000089000000, 0x0000000089000000, 0x0000000089100000|  0%| F|  |TAMS 0x0000000089000000, 0x0000000089000000| Untracked 
| 123|0x0000000089100000, 0x0000000089100000, 0x0000000089200000|  0%| F|  |TAMS 0x0000000089100000, 0x0000000089100000| Untracked 
| 124|0x0000000089200000, 0x0000000089200000, 0x0000000089300000|  0%| F|  |TAMS 0x0000000089200000, 0x0000000089200000| Untracked 
| 125|0x0000000089300000, 0x0000000089300000, 0x0000000089400000|  0%| F|  |TAMS 0x0000000089300000, 0x0000000089300000| Untracked 
| 126|0x0000000089400000, 0x0000000089400000, 0x0000000089500000|  0%| F|  |TAMS 0x0000000089400000, 0x0000000089400000| Untracked 
| 127|0x0000000089500000, 0x0000000089500000, 0x0000000089600000|  0%| F|  |TAMS 0x0000000089500000, 0x0000000089500000| Untracked 
| 128|0x0000000089600000, 0x0000000089600000, 0x0000000089700000|  0%| F|  |TAMS 0x0000000089600000, 0x0000000089600000| Untracked 
| 129|0x0000000089700000, 0x0000000089700000, 0x0000000089800000|  0%| F|  |TAMS 0x0000000089700000, 0x0000000089700000| Untracked 
| 130|0x0000000089800000, 0x0000000089800000, 0x0000000089900000|  0%| F|  |TAMS 0x0000000089800000, 0x0000000089800000| Untracked 
| 131|0x0000000089900000, 0x0000000089900000, 0x0000000089a00000|  0%| F|  |TAMS 0x0000000089900000, 0x0000000089900000| Untracked 
| 132|0x0000000089a00000, 0x0000000089a00000, 0x0000000089b00000|  0%| F|  |TAMS 0x0000000089a00000, 0x0000000089a00000| Untracked 

Card table byte_map: [0x000001e922930000,0x000001e922d30000] _byte_map_base: 0x000001e922525000

Marking Bits (Prev, Next): (CMBitMap*) 0x000001e90b63dfe0, (CMBitMap*) 0x000001e90b63dfa0
 Prev Bits: [0x000001e9250e0000, 0x000001e927088000)
 Next Bits: [0x000001e923130000, 0x000001e9250d8000)

Polling page: 0x000001e909550000

Metaspace:

Usage:
  Non-class:     55.87 MB used.
      Class:      8.25 MB used.
       Both:     64.12 MB used.

Virtual space:
  Non-class space:       64.00 MB reserved,      56.12 MB ( 88%) committed,  1 nodes.
      Class space:        1.00 GB reserved,       8.44 MB ( <1%) committed,  1 nodes.
             Both:        1.06 GB reserved,      64.56 MB (  6%) committed. 

Chunk freelists:
   Non-Class:  3.61 MB
       Class:  3.56 MB
        Both:  7.17 MB

MaxMetaspaceSize: unlimited
CompressedClassSpaceSize: 1.00 GB
Initial GC threshold: 21.00 MB
Current GC threshold: 99.38 MB
CDS: on
MetaspaceReclaimPolicy: balanced
 - commit_granule_bytes: 65536.
 - commit_granule_words: 8192.
 - virtual_space_node_default_size: 8388608.
 - enlarge_chunks_in_place: 1.
 - new_chunks_are_fully_committed: 0.
 - uncommit_free_chunks: 1.
 - use_allocation_guard: 0.


Internal statistics:

num_allocs_failed_limit: 15.
num_arena_births: 476.
num_arena_deaths: 0.
num_vsnodes_births: 2.
num_vsnodes_deaths: 0.
num_space_committed: 1033.
num_space_uncommitted: 0.
num_chunks_returned_to_freelist: 15.
num_chunks_taken_from_freelist: 2551.
num_chunk_merges: 15.
num_chunk_splits: 1963.
num_chunks_enlarged: 1677.
num_inconsistent_stats: 0.

CodeHeap 'non-profiled nmethods': size=120000Kb used=3515Kb max_used=3515Kb free=116484Kb
 bounds [0x000001e91b000000, 0x000001e91b370000, 0x000001e922530000]
CodeHeap 'profiled nmethods': size=120000Kb used=12236Kb max_used=12236Kb free=107763Kb
 bounds [0x000001e913530000, 0x000001e914130000, 0x000001e91aa60000]
CodeHeap 'non-nmethods': size=5760Kb used=1395Kb max_used=1439Kb free=4364Kb
 bounds [0x000001e91aa60000, 0x000001e91acd0000, 0x000001e91b000000]
 total_blobs=6306 nmethods=5680 adapters=534
 compilation: enabled
              stopped_count=0, restarted_count=0
 full_count=0

Compilation events (20 events):
Event: 14.617 Thread 0x000001e9295be3e0 nmethod 6460 0x000001e91411f910 code [0x000001e91411fac0, 0x000001e91411fc78]
Event: 14.617 Thread 0x000001e9295be3e0 6461       3       org.apache.ibatis.scripting.xmltags.XMLScriptBuilder$WhereHandler::<init> (10 bytes)
Event: 14.617 Thread 0x000001e9295be3e0 nmethod 6461 0x000001e91411fd90 code [0x000001e91411ff40, 0x000001e9141200f8]
Event: 14.617 Thread 0x000001e9295be3e0 6462       3       org.apache.ibatis.scripting.xmltags.XMLScriptBuilder$SetHandler::<init> (10 bytes)
Event: 14.618 Thread 0x000001e9295be3e0 nmethod 6462 0x000001e914120210 code [0x000001e9141203c0, 0x000001e914120578]
Event: 14.624 Thread 0x000001e9295be3e0 6466       1       jdk.xml.internal.JdkXmlFeatures$XmlFeature::defaultValue (5 bytes)
Event: 14.624 Thread 0x000001e9295be3e0 nmethod 6466 0x000001e91b36e610 code [0x000001e91b36e7a0, 0x000001e91b36e878]
Event: 14.624 Thread 0x000001e9295be3e0 6467       1       jdk.xml.internal.JdkXmlFeatures$XmlFeature::systemProperty (5 bytes)
Event: 14.624 Thread 0x000001e9295be3e0 nmethod 6467 0x000001e91b36e910 code [0x000001e91b36eaa0, 0x000001e91b36eb58]
Event: 14.624 Thread 0x000001e9295be3e0 6468       1       jdk.xml.internal.JdkXmlFeatures$XmlFeature::systemPropertyOld (5 bytes)
Event: 14.624 Thread 0x000001e9295be3e0 nmethod 6468 0x000001e91b36ec10 code [0x000001e91b36eda0, 0x000001e91b36ee58]
Event: 14.624 Thread 0x000001e9295be3e0 6469       3       com.sun.org.apache.xerces.internal.impl.XMLEntityManager::getFeatureDefault (36 bytes)
Event: 14.625 Thread 0x000001e9295be3e0 nmethod 6469 0x000001e914120690 code [0x000001e914120860, 0x000001e914120b08]
Event: 14.625 Thread 0x000001e9295be3e0 6471       3       java.lang.StringBuilder::setLength (6 bytes)
Event: 14.625 Thread 0x000001e9295be3e0 nmethod 6471 0x000001e914120c90 code [0x000001e914120e40, 0x000001e914120f88]
Event: 14.625 Thread 0x000001e9295be3e0 6470   !   3       com.sun.org.apache.xerces.internal.parsers.DOMParser::setFeature (125 bytes)
Event: 14.626 Thread 0x000001e9295be3e0 nmethod 6470 0x000001e914121010 code [0x000001e9141212a0, 0x000001e914121f58]
Event: 14.627 Thread 0x000001e9295be3e0 6472       3       com.sun.xml.internal.stream.util.ThreadLocalBufferAllocator::getBufferAllocator (54 bytes)
Event: 14.628 Thread 0x000001e9295be3e0 nmethod 6472 0x000001e914122410 code [0x000001e914122640, 0x000001e914123108]
Event: 14.628 Thread 0x000001e9295be3e0 6473  s    3       java.util.Stack::pop (19 bytes)

GC Heap History (20 events):
Event: 9.145 GC heap after
{Heap after GC invocations=16 (full 0):
 garbage-first heap   total 112640K, used 25178K [0x0000000081600000, 0x0000000100000000)
  region size 1024K, 2 young (2048K), 2 survivors (2048K)
 Metaspace       used 38535K, committed 38912K, reserved 1114112K
  class space    used 4730K, committed 4928K, reserved 1048576K
}
Event: 9.511 GC heap before
{Heap before GC invocations=16 (full 0):
 garbage-first heap   total 112640K, used 90714K [0x0000000081600000, 0x0000000100000000)
  region size 1024K, 66 young (67584K), 2 survivors (2048K)
 Metaspace       used 38536K, committed 38912K, reserved 1114112K
  class space    used 4730K, committed 4928K, reserved 1048576K
}
Event: 9.514 GC heap after
{Heap after GC invocations=17 (full 0):
 garbage-first heap   total 112640K, used 25177K [0x0000000081600000, 0x0000000100000000)
  region size 1024K, 2 young (2048K), 2 survivors (2048K)
 Metaspace       used 38536K, committed 38912K, reserved 1114112K
  class space    used 4730K, committed 4928K, reserved 1048576K
}
Event: 9.795 GC heap before
{Heap before GC invocations=17 (full 0):
 garbage-first heap   total 112640K, used 90713K [0x0000000081600000, 0x0000000100000000)
  region size 1024K, 66 young (67584K), 2 survivors (2048K)
 Metaspace       used 38537K, committed 38912K, reserved 1114112K
  class space    used 4730K, committed 4928K, reserved 1048576K
}
Event: 9.799 GC heap after
{Heap after GC invocations=18 (full 0):
 garbage-first heap   total 112640K, used 25191K [0x0000000081600000, 0x0000000100000000)
  region size 1024K, 2 young (2048K), 2 survivors (2048K)
 Metaspace       used 38537K, committed 38912K, reserved 1114112K
  class space    used 4730K, committed 4928K, reserved 1048576K
}
Event: 10.311 GC heap before
{Heap before GC invocations=18 (full 0):
 garbage-first heap   total 112640K, used 89703K [0x0000000081600000, 0x0000000100000000)
  region size 1024K, 66 young (67584K), 2 survivors (2048K)
 Metaspace       used 40290K, committed 40768K, reserved 1114112K
  class space    used 4950K, committed 5184K, reserved 1048576K
}
Event: 10.317 GC heap after
{Heap after GC invocations=19 (full 0):
 garbage-first heap   total 112640K, used 26683K [0x0000000081600000, 0x0000000100000000)
  region size 1024K, 3 young (3072K), 3 survivors (3072K)
 Metaspace       used 40290K, committed 40768K, reserved 1114112K
  class space    used 4950K, committed 5184K, reserved 1048576K
}
Event: 12.562 GC heap before
{Heap before GC invocations=19 (full 0):
 garbage-first heap   total 112640K, used 90171K [0x0000000081600000, 0x0000000100000000)
  region size 1024K, 66 young (67584K), 3 survivors (3072K)
 Metaspace       used 58892K, committed 59264K, reserved 1114112K
  class space    used 7647K, committed 7808K, reserved 1048576K
}
Event: 12.573 GC heap after
{Heap after GC invocations=20 (full 0):
 garbage-first heap   total 136192K, used 29442K [0x0000000081600000, 0x0000000100000000)
  region size 1024K, 6 young (6144K), 6 survivors (6144K)
 Metaspace       used 58892K, committed 59264K, reserved 1114112K
  class space    used 7647K, committed 7808K, reserved 1048576K
}
Event: 12.827 GC heap before
{Heap before GC invocations=20 (full 0):
 garbage-first heap   total 136192K, used 33538K [0x0000000081600000, 0x0000000100000000)
  region size 1024K, 11 young (11264K), 6 survivors (6144K)
 Metaspace       used 60248K, committed 60608K, reserved 1114112K
  class space    used 7805K, committed 8000K, reserved 1048576K
}
Event: 12.836 GC heap after
{Heap after GC invocations=21 (full 0):
 garbage-first heap   total 136192K, used 30399K [0x0000000081600000, 0x0000000100000000)
  region size 1024K, 6 young (6144K), 6 survivors (6144K)
 Metaspace       used 60248K, committed 60608K, reserved 1114112K
  class space    used 7805K, committed 8000K, reserved 1048576K
}
Event: 13.811 GC heap before
{Heap before GC invocations=22 (full 0):
 garbage-first heap   total 112640K, used 91839K [0x0000000081600000, 0x0000000100000000)
  region size 1024K, 66 young (67584K), 6 survivors (6144K)
 Metaspace       used 64798K, committed 65216K, reserved 1114112K
  class space    used 8377K, committed 8576K, reserved 1048576K
}
Event: 13.822 GC heap after
{Heap after GC invocations=23 (full 0):
 garbage-first heap   total 112640K, used 32814K [0x0000000081600000, 0x0000000100000000)
  region size 1024K, 6 young (6144K), 6 survivors (6144K)
 Metaspace       used 64798K, committed 65216K, reserved 1114112K
  class space    used 8377K, committed 8576K, reserved 1048576K
}
Event: 13.826 GC heap before
{Heap before GC invocations=23 (full 0):
 garbage-first heap   total 112640K, used 33838K [0x0000000081600000, 0x0000000100000000)
  region size 1024K, 7 young (7168K), 6 survivors (6144K)
 Metaspace       used 64803K, committed 65216K, reserved 1114112K
  class space    used 8377K, committed 8576K, reserved 1048576K
}
Event: 13.833 GC heap after
{Heap after GC invocations=24 (full 0):
 garbage-first heap   total 112640K, used 33261K [0x0000000081600000, 0x0000000100000000)
  region size 1024K, 1 young (1024K), 1 survivors (1024K)
 Metaspace       used 64803K, committed 65216K, reserved 1114112K
  class space    used 8377K, committed 8576K, reserved 1048576K
}
Event: 14.159 GC heap before
{Heap before GC invocations=24 (full 0):
 garbage-first heap   total 112640K, used 92653K [0x0000000081600000, 0x0000000100000000)
  region size 1024K, 60 young (61440K), 1 survivors (1024K)
 Metaspace       used 65303K, committed 65792K, reserved 1114112K
  class space    used 8420K, committed 8640K, reserved 1048576K
}
Event: 14.163 GC heap after
{Heap after GC invocations=25 (full 0):
 garbage-first heap   total 112640K, used 34473K [0x0000000081600000, 0x0000000100000000)
  region size 1024K, 2 young (2048K), 2 survivors (2048K)
 Metaspace       used 65303K, committed 65792K, reserved 1114112K
  class space    used 8420K, committed 8640K, reserved 1048576K
}
Event: 14.430 GC heap before
{Heap before GC invocations=25 (full 0):
 garbage-first heap   total 112640K, used 93865K [0x0000000081600000, 0x0000000100000000)
  region size 1024K, 60 young (61440K), 2 survivors (2048K)
 Metaspace       used 65482K, committed 65920K, reserved 1114112K
  class space    used 8429K, committed 8640K, reserved 1048576K
}
Event: 14.436 GC heap after
{Heap after GC invocations=26 (full 0):
 garbage-first heap   total 112640K, used 35792K [0x0000000081600000, 0x0000000100000000)
  region size 1024K, 4 young (4096K), 4 survivors (4096K)
 Metaspace       used 65482K, committed 65920K, reserved 1114112K
  class space    used 8429K, committed 8640K, reserved 1048576K
}
Event: 14.628 GC heap before
{Heap before GC invocations=26 (full 0):
 garbage-first heap   total 112640K, used 94160K [0x0000000081600000, 0x0000000100000000)
  region size 1024K, 61 young (62464K), 4 survivors (4096K)
 Metaspace       used 65653K, committed 66112K, reserved 1114112K
  class space    used 8444K, committed 8640K, reserved 1048576K
}

Dll operation events (14 events):
Event: 0.016 Loaded shared library C:\Program Files\Java\jdk-19\bin\java.dll
Event: 0.035 Loaded shared library C:\Program Files\Java\jdk-19\bin\jsvml.dll
Event: 0.385 Loaded shared library C:\Program Files\Java\jdk-19\bin\zip.dll
Event: 0.390 Loaded shared library C:\Program Files\Java\jdk-19\bin\instrument.dll
Event: 0.401 Loaded shared library C:\Program Files\Java\jdk-19\bin\net.dll
Event: 0.404 Loaded shared library C:\Program Files\Java\jdk-19\bin\nio.dll
Event: 0.409 Loaded shared library C:\Program Files\Java\jdk-19\bin\zip.dll
Event: 0.710 Loaded shared library C:\Program Files\JetBrains\IntelliJ IDEA Community Edition 2022.2.3\bin\breakgen64.dll
Event: 0.729 Loaded shared library C:\Program Files\Java\jdk-19\bin\extnet.dll
Event: 0.754 Loaded shared library C:\Program Files\Java\jdk-19\bin\verify.dll
Event: 0.763 Loaded shared library C:\Program Files\Java\jdk-19\bin\jimage.dll
Event: 1.930 Loaded shared library C:\Program Files\Java\jdk-19\bin\management.dll
Event: 1.934 Loaded shared library C:\Program Files\Java\jdk-19\bin\management_ext.dll
Event: 6.035 Loaded shared library C:\Program Files\Java\jdk-19\bin\sunmscapi.dll

Deoptimization events (20 events):
Event: 14.404 Thread 0x000001e90b5dffc0 DEOPT PACKING pc=0x000001e913e0982c sp=0x0000000c7fefd290
Event: 14.404 Thread 0x000001e90b5dffc0 DEOPT UNPACKING pc=0x000001e91aac7543 sp=0x0000000c7fefc7a0 mode 0
Event: 14.441 Thread 0x000001e90b5dffc0 DEOPT PACKING pc=0x000001e913fa5d8d sp=0x0000000c7fefd1c0
Event: 14.441 Thread 0x000001e90b5dffc0 DEOPT UNPACKING pc=0x000001e91aac7543 sp=0x0000000c7fefc668 mode 0
Event: 14.449 Thread 0x000001e90b5dffc0 DEOPT PACKING pc=0x000001e913fa5d8d sp=0x0000000c7fefd200
Event: 14.449 Thread 0x000001e90b5dffc0 DEOPT UNPACKING pc=0x000001e91aac7543 sp=0x0000000c7fefc6a8 mode 0
Event: 14.452 Thread 0x000001e90b5dffc0 DEOPT PACKING pc=0x000001e913e0982c sp=0x0000000c7fefd2d0
Event: 14.452 Thread 0x000001e90b5dffc0 DEOPT UNPACKING pc=0x000001e91aac7543 sp=0x0000000c7fefc7e0 mode 0
Event: 14.478 Thread 0x000001e90b5dffc0 Uncommon trap: trap_request=0xffffff45 fr.pc=0x000001e91b32fb94 relative=0x0000000000000534
Event: 14.478 Thread 0x000001e90b5dffc0 Uncommon trap: reason=unstable_if action=reinterpret pc=0x000001e91b32fb94 method=com.sun.org.apache.xerces.internal.impl.XMLEntityScanner.scanLiteral(ILcom/sun/org/apache/xerces/internal/xni/XMLString;Z)I @ 44 c2
Event: 14.478 Thread 0x000001e90b5dffc0 DEOPT PACKING pc=0x000001e91b32fb94 sp=0x0000000c7fefd3a0
Event: 14.478 Thread 0x000001e90b5dffc0 DEOPT UNPACKING pc=0x000001e91aac6da3 sp=0x0000000c7fefd348 mode 2
Event: 14.501 Thread 0x000001e90b5dffc0 DEOPT PACKING pc=0x000001e913e0982c sp=0x0000000c7fefd660
Event: 14.501 Thread 0x000001e90b5dffc0 DEOPT UNPACKING pc=0x000001e91aac7543 sp=0x0000000c7fefcb70 mode 0
Event: 14.541 Thread 0x000001e90b5dffc0 DEOPT PACKING pc=0x000001e913fa5dcf sp=0x0000000c7fefd1f0
Event: 14.541 Thread 0x000001e90b5dffc0 DEOPT UNPACKING pc=0x000001e91aac7543 sp=0x0000000c7fefc6a0 mode 0
Event: 14.559 Thread 0x000001e90b5dffc0 DEOPT PACKING pc=0x000001e913e0982c sp=0x0000000c7fefd650
Event: 14.559 Thread 0x000001e90b5dffc0 DEOPT UNPACKING pc=0x000001e91aac7543 sp=0x0000000c7fefcb60 mode 0
Event: 14.612 Thread 0x000001e90b5dffc0 DEOPT PACKING pc=0x000001e913fa5dcf sp=0x0000000c7fefd2c0
Event: 14.612 Thread 0x000001e90b5dffc0 DEOPT UNPACKING pc=0x000001e91aac7543 sp=0x0000000c7fefc770 mode 0

Classes loaded (20 events):
Event: 13.301 Loading class com/sun/org/apache/xpath/internal/axes/UnionPathIterator
Event: 13.301 Loading class com/sun/org/apache/xpath/internal/axes/UnionPathIterator done
Event: 13.301 Loading class com/sun/org/apache/xpath/internal/axes/HasPositionalPredChecker
Event: 13.302 Loading class com/sun/org/apache/xpath/internal/XPathVisitor
Event: 13.302 Loading class com/sun/org/apache/xpath/internal/XPathVisitor done
Event: 13.302 Loading class com/sun/org/apache/xpath/internal/axes/HasPositionalPredChecker done
Event: 13.302 Loading class com/sun/org/apache/xpath/internal/axes/UnionChildIterator
Event: 13.303 Loading class com/sun/org/apache/xpath/internal/axes/UnionChildIterator done
Event: 13.442 Loading class com/sun/org/apache/xerces/internal/dom/DeferredDOMImplementationImpl
Event: 13.442 Loading class com/sun/org/apache/xerces/internal/dom/DOMImplementationImpl
Event: 13.442 Loading class org/w3c/dom/DOMImplementation
Event: 13.442 Loading class org/w3c/dom/DOMImplementation done
Event: 13.442 Loading class com/sun/org/apache/xerces/internal/dom/CoreDOMImplementationImpl
Event: 13.443 Loading class org/w3c/dom/ls/DOMImplementationLS
Event: 13.443 Loading class org/w3c/dom/ls/DOMImplementationLS done
Event: 13.443 Loading class com/sun/org/apache/xerces/internal/dom/CoreDOMImplementationImpl done
Event: 13.443 Loading class com/sun/org/apache/xerces/internal/dom/DOMImplementationImpl done
Event: 13.444 Loading class com/sun/org/apache/xerces/internal/dom/DeferredDOMImplementationImpl done
Event: 14.120 Loading class sun/reflect/annotation/AnnotationSupport
Event: 14.120 Loading class sun/reflect/annotation/AnnotationSupport done

Classes unloaded (0 events):
No events

Classes redefined (0 events):
No events

Internal exceptions (20 events):
Event: 8.840 Thread 0x000001e90b5dffc0 Exception <a 'java/io/FileNotFoundException'{0x0000000087e3dde0}> (0x0000000087e3dde0) 
thrown [s\open\src\hotspot\share\prims\jni.cpp, line 517]
Event: 8.840 Thread 0x000001e90b5dffc0 Exception <a 'java/io/FileNotFoundException'{0x0000000087e3f210}> (0x0000000087e3f210) 
thrown [s\open\src\hotspot\share\prims\jni.cpp, line 517]
Event: 9.152 Thread 0x000001e90b5dffc0 Exception <a 'java/io/FileNotFoundException'{0x00000000882baac0}> (0x00000000882baac0) 
thrown [s\open\src\hotspot\share\prims\jni.cpp, line 517]
Event: 9.152 Thread 0x000001e90b5dffc0 Exception <a 'java/io/FileNotFoundException'{0x00000000882bbef0}> (0x00000000882bbef0) 
thrown [s\open\src\hotspot\share\prims\jni.cpp, line 517]
Event: 9.453 Thread 0x000001e90b5dffc0 Exception <a 'java/io/FileNotFoundException'{0x0000000084528850}> (0x0000000084528850) 
thrown [s\open\src\hotspot\share\prims\jni.cpp, line 517]
Event: 9.453 Thread 0x000001e90b5dffc0 Exception <a 'java/io/FileNotFoundException'{0x0000000084529c80}> (0x0000000084529c80) 
thrown [s\open\src\hotspot\share\prims\jni.cpp, line 517]
Event: 9.674 Thread 0x000001e90b5dffc0 Exception <a 'java/io/FileNotFoundException'{0x00000000849a3480}> (0x00000000849a3480) 
thrown [s\open\src\hotspot\share\prims\jni.cpp, line 517]
Event: 9.674 Thread 0x000001e90b5dffc0 Exception <a 'java/io/FileNotFoundException'{0x00000000849a48b0}> (0x00000000849a48b0) 
thrown [s\open\src\hotspot\share\prims\jni.cpp, line 517]
Event: 10.058 Thread 0x000001e90b5dffc0 Exception <a 'java/lang/ClassCastException'{0x0000000084916be8}: class org.apache.commons.logging.LogFactoryService cannot be cast to class connectjar.org.apache.commons.logging.LogFactory (org.apache.commons.logging.LogFactoryService and connectjar.org.apache.commons.logging.LogFactory are in unnamed module of loader 'app')> (0x0000000084916be8) 
thrown [s\open\src\hotspot\share\interpreter\interpreterRuntime.cpp, line 448]
Event: 10.066 Thread 0x000001e90b5dffc0 Exception <a 'java/lang/NoClassDefFoundError'{0x0000000084938568}: connectjar/org/apache/log4j/Priority> (0x0000000084938568) 
thrown [s\open\src\hotspot\share\classfile\systemDictionary.cpp, line 244]
Event: 10.096 Thread 0x000001e90b5dffc0 Exception <a 'sun/nio/fs/WindowsException'{0x000000008496d9a0}> (0x000000008496d9a0) 
thrown [s\open\src\hotspot\share\prims\jni.cpp, line 517]
Event: 11.054 Thread 0x000001e90b5dffc0 Implicit null exception at 0x000001e91b0e0972 to 0x000001e91b0e11e0
Event: 11.573 Thread 0x000001e90b5dffc0 Exception <a 'java/lang/NoSuchMethodError'{0x0000000085eb3e98}: 'int java.lang.invoke.DirectMethodHandle$Holder.invokeStaticInit(java.lang.Object, int)'> (0x0000000085eb3e98) 
thrown [s\open\src\hotspot\share\interpreter\linkResolver.cpp, line 774]
Event: 11.634 Thread 0x000001e90b5dffc0 Exception <a 'java/lang/NoSuchMethodError'{0x0000000085c4d6e0}: 'int java.lang.invoke.DirectMethodHandle$Holder.invokeVirtual(java.lang.Object, java.lang.Object, java.lang.Object)'> (0x0000000085c4d6e0) 
thrown [s\open\src\hotspot\share\interpreter\linkResolver.cpp, line 774]
Event: 11.693 Thread 0x000001e90b5dffc0 Exception <a 'java/lang/NoSuchMethodError'{0x0000000085a41840}: 'int java.lang.invoke.DirectMethodHandle$Holder.invokeStatic(java.lang.Object, java.lang.Object, java.lang.Object, java.lang.Object, java.lang.Object)'> (0x0000000085a41840) 
thrown [s\open\src\hotspot\share\interpreter\linkResolver.cpp, line 774]
Event: 11.698 Thread 0x000001e90b5dffc0 Implicit null exception at 0x000001e91b2690fc to 0x000001e91b26b994
Event: 11.927 Thread 0x000001e90b5dffc0 Exception <a 'java/lang/NoSuchMethodError'{0x0000000085330bd0}: 'void java.lang.invoke.Invokers$Holder.invoke_MT(java.lang.Object, java.lang.Object)'> (0x0000000085330bd0) 
thrown [s\open\src\hotspot\share\interpreter\linkResolver.cpp, line 774]
Event: 12.805 Thread 0x000001e90b5dffc0 Exception <a 'java/lang/NoSuchMethodError'{0x000000008977fbc0}: 'java.lang.Object java.lang.invoke.DirectMethodHandle$Holder.invokeStaticInit(java.lang.Object, java.lang.Object, java.lang.Object, java.lang.Object)'> (0x000000008977fbc0) 
thrown [s\open\src\hotspot\share\interpreter\linkResolver.cpp, line 774]
Event: 13.338 Thread 0x000001e90b5dffc0 Exception <a 'java/lang/NoSuchMethodError'{0x0000000086ea2b10}: 'void java.lang.invoke.DirectMethodHandle$Holder.invokeStaticInit(java.lang.Object)'> (0x0000000086ea2b10) 
thrown [s\open\src\hotspot\share\interpreter\linkResolver.cpp, line 774]
Event: 13.341 Thread 0x000001e90b5dffc0 Exception <a 'java/lang/NoSuchMethodError'{0x0000000086eb3540}: 'org.slf4j.impl.StaticMarkerBinder org.slf4j.impl.StaticMarkerBinder.getSingleton()'> (0x0000000086eb3540) 
thrown [s\open\src\hotspot\share\interpreter\linkResolver.cpp, line 774]

VM Operations (20 events):
Event: 12.836 Executing VM operation: CollectForMetadataAllocation done
Event: 12.892 Executing VM operation: CollectForMetadataAllocation
Event: 12.892 Executing VM operation: CollectForMetadataAllocation done
Event: 12.909 Executing VM operation: G1PauseRemark
Event: 12.913 Executing VM operation: G1PauseRemark done
Event: 12.940 Executing VM operation: G1PauseCleanup
Event: 12.940 Executing VM operation: G1PauseCleanup done
Event: 13.554 Executing VM operation: ICBufferFull
Event: 13.554 Executing VM operation: ICBufferFull done
Event: 13.722 Executing VM operation: HandshakeAllThreads
Event: 13.722 Executing VM operation: HandshakeAllThreads done
Event: 13.811 Executing VM operation: G1CollectForAllocation
Event: 13.822 Executing VM operation: G1CollectForAllocation done
Event: 13.826 Executing VM operation: G1CollectForAllocation
Event: 13.833 Executing VM operation: G1CollectForAllocation done
Event: 14.159 Executing VM operation: G1CollectForAllocation
Event: 14.163 Executing VM operation: G1CollectForAllocation done
Event: 14.430 Executing VM operation: G1CollectForAllocation
Event: 14.436 Executing VM operation: G1CollectForAllocation done
Event: 14.628 Executing VM operation: G1CollectForAllocation

Events (20 events):
Event: 9.009 Thread 0x000001e9295be960 flushing nmethod 0x000001e913f43490
Event: 9.009 Thread 0x000001e9295be960 flushing nmethod 0x000001e913f43810
Event: 9.009 Thread 0x000001e9295be960 flushing nmethod 0x000001e913f47810
Event: 9.009 Thread 0x000001e9295be960 flushing nmethod 0x000001e913f47b90
Event: 9.009 Thread 0x000001e9295be960 flushing nmethod 0x000001e913f48010
Event: 9.010 Thread 0x000001e9295be960 flushing nmethod 0x000001e913f48790
Event: 9.010 Thread 0x000001e9295be960 flushing nmethod 0x000001e913f49710
Event: 9.010 Thread 0x000001e9295be960 flushing nmethod 0x000001e913f4be10
Event: 9.010 Thread 0x000001e9295be960 flushing nmethod 0x000001e913f4ca90
Event: 9.010 Thread 0x000001e9295be960 flushing nmethod 0x000001e913f51890
Event: 9.010 Thread 0x000001e9295be960 flushing nmethod 0x000001e913f55290
Event: 12.797 Thread 0x000001e92fc78fe0 Thread added: 0x000001e92fc78fe0
Event: 12.905 Thread 0x000001e92fc76010 Thread added: 0x000001e92fc76010
Event: 13.224 Thread 0x000001e92ef6a8d0 Thread exited: 0x000001e92ef6a8d0
Event: 13.295 Thread 0x000001e930c7f5c0 Thread added: 0x000001e930c7f5c0
Event: 13.727 Thread 0x000001e9295be960 flushing nmethod 0x000001e9135ab810
Event: 13.727 Thread 0x000001e9295be960 flushing nmethod 0x000001e9135e5810
Event: 13.731 Thread 0x000001e9295be960 flushing nmethod 0x000001e913a34590
Event: 13.735 Thread 0x000001e9295be960 flushing nmethod 0x000001e913e04890
Event: 13.736 Thread 0x000001e9295be960 flushing nmethod 0x000001e913f21d10


Dynamic libraries:
0x00007ff602870000 - 0x00007ff602880000 	C:\Program Files\Java\jdk-19\bin\java.exe
0x00007ffa5ff20000 - 0x00007ffa60129000 	C:\Windows\SYSTEM32\ntdll.dll
0x00007ffa5de00000 - 0x00007ffa5debe000 	C:\Windows\System32\KERNEL32.DLL
0x00007ffa5d670000 - 0x00007ffa5d9eb000 	C:\Windows\System32\KERNELBASE.dll
0x00007ffa5db10000 - 0x00007ffa5dc21000 	C:\Windows\System32\ucrtbase.dll
0x00007ffa3f4e0000 - 0x00007ffa3f4f8000 	C:\Program Files\Java\jdk-19\bin\jli.dll
0x00007ffa5ec80000 - 0x00007ffa5ed2e000 	C:\Windows\System32\ADVAPI32.dll
0x00007ffa5e330000 - 0x00007ffa5e3d3000 	C:\Windows\System32\msvcrt.dll
0x00007ffa3f4c0000 - 0x00007ffa3f4db000 	C:\Program Files\Java\jdk-19\bin\VCRUNTIME140.dll
0x00007ffa5f410000 - 0x00007ffa5f4ae000 	C:\Windows\System32\sechost.dll
0x00007ffa5f0b0000 - 0x00007ffa5f1d0000 	C:\Windows\System32\RPCRT4.dll
0x00007ffa5f840000 - 0x00007ffa5f9ed000 	C:\Windows\System32\USER32.dll
0x00007ffa5dc30000 - 0x00007ffa5dc56000 	C:\Windows\System32\win32u.dll
0x00007ffa5f570000 - 0x00007ffa5f599000 	C:\Windows\System32\GDI32.dll
0x00007ffa5d9f0000 - 0x00007ffa5db08000 	C:\Windows\System32\gdi32full.dll
0x00007ffa5d3f0000 - 0x00007ffa5d48d000 	C:\Windows\System32\msvcp_win.dll
0x00007ffa4bcd0000 - 0x00007ffa4bf75000 	C:\Windows\WinSxS\amd64_microsoft.windows.common-controls_6595b64144ccf1df_6.0.22000.120_none_9d947278b86cc467\COMCTL32.dll
0x00007ffa4c3b0000 - 0x00007ffa4c3ba000 	C:\Windows\SYSTEM32\VERSION.dll
0x00007ffa5ddc0000 - 0x00007ffa5ddf2000 	C:\Windows\System32\IMM32.DLL
0x00007ffa413f0000 - 0x00007ffa413fc000 	C:\Program Files\Java\jdk-19\bin\vcruntime140_1.dll
0x00007ffa3f430000 - 0x00007ffa3f4be000 	C:\Program Files\Java\jdk-19\bin\msvcp140.dll
0x00007ffa3c600000 - 0x00007ffa3d2c0000 	C:\Program Files\Java\jdk-19\bin\server\jvm.dll
0x00007ffa41470000 - 0x00007ffa41479000 	C:\Windows\SYSTEM32\WSOCK32.dll
0x00007ffa5f7d0000 - 0x00007ffa5f83f000 	C:\Windows\System32\WS2_32.dll
0x00007ffa56fc0000 - 0x00007ffa56ff3000 	C:\Windows\SYSTEM32\WINMM.dll
0x00007ffa5c520000 - 0x00007ffa5c538000 	C:\Windows\SYSTEM32\kernel.appcore.dll
0x00007ffa3f2e0000 - 0x00007ffa3f2ea000 	C:\Program Files\Java\jdk-19\bin\jimage.dll
0x00007ffa47be0000 - 0x00007ffa47e01000 	C:\Windows\SYSTEM32\DBGHELP.DLL
0x00007ffa47ba0000 - 0x00007ffa47bd1000 	C:\Windows\SYSTEM32\dbgcore.DLL
0x00007ffa5dd20000 - 0x00007ffa5dd9f000 	C:\Windows\System32\bcryptPrimitives.dll
0x00007ffa59cf0000 - 0x00007ffa59cfe000 	C:\Program Files\Java\jdk-19\bin\instrument.dll
0x00007ffa3f2b0000 - 0x00007ffa3f2d6000 	C:\Program Files\Java\jdk-19\bin\java.dll
0x00007ffa3f180000 - 0x00007ffa3f257000 	C:\Program Files\Java\jdk-19\bin\jsvml.dll
0x00007ffa5e4c0000 - 0x00007ffa5ec77000 	C:\Windows\System32\SHELL32.dll
0x00007ffa5b4b0000 - 0x00007ffa5bd15000 	C:\Windows\SYSTEM32\windows.storage.dll
0x00007ffa5fb60000 - 0x00007ffa5fed8000 	C:\Windows\System32\combase.dll
0x00007ffa5b340000 - 0x00007ffa5b4a6000 	C:\Windows\SYSTEM32\wintypes.dll
0x00007ffa5f9f0000 - 0x00007ffa5fada000 	C:\Windows\System32\SHCORE.dll
0x00007ffa5f3b0000 - 0x00007ffa5f40d000 	C:\Windows\System32\shlwapi.dll
0x00007ffa5d320000 - 0x00007ffa5d341000 	C:\Windows\SYSTEM32\profapi.dll
0x00007ffa3ea60000 - 0x00007ffa3ea78000 	C:\Program Files\Java\jdk-19\bin\zip.dll
0x00007ffa3eaa0000 - 0x00007ffa3eab3000 	C:\Program Files\Java\jdk-19\bin\net.dll
0x00007ffa55380000 - 0x00007ffa55494000 	C:\Windows\SYSTEM32\WINHTTP.dll
0x00007ffa5c9b0000 - 0x00007ffa5ca17000 	C:\Windows\system32\mswsock.dll
0x00007ffa3ea80000 - 0x00007ffa3ea96000 	C:\Program Files\Java\jdk-19\bin\nio.dll
0x00007ffa577c0000 - 0x00007ffa577da000 	C:\Program Files\JetBrains\IntelliJ IDEA Community Edition 2022.2.3\bin\breakgen64.dll
0x00007ffa3f260000 - 0x00007ffa3f268000 	C:\Program Files\Java\jdk-19\bin\extnet.dll
0x00007ffa3a5f0000 - 0x00007ffa3a600000 	C:\Program Files\Java\jdk-19\bin\verify.dll
0x00007ffa59ce0000 - 0x00007ffa59cea000 	C:\Program Files\Java\jdk-19\bin\management.dll
0x00007ffa50b20000 - 0x00007ffa50b2b000 	C:\Program Files\Java\jdk-19\bin\management_ext.dll
0x00007ffa5f3a0000 - 0x00007ffa5f3a8000 	C:\Windows\System32\PSAPI.DLL
0x00007ffa392d0000 - 0x00007ffa392e7000 	C:\Windows\system32\napinsp.dll
0x00007ffa392b0000 - 0x00007ffa392cb000 	C:\Windows\system32\pnrpnsp.dll
0x00007ffa5c080000 - 0x00007ffa5c168000 	C:\Windows\SYSTEM32\DNSAPI.dll
0x00007ffa5c050000 - 0x00007ffa5c07d000 	C:\Windows\SYSTEM32\IPHLPAPI.DLL
0x00007ffa5f390000 - 0x00007ffa5f399000 	C:\Windows\System32\NSI.dll
0x00007ffa39290000 - 0x00007ffa392a2000 	C:\Windows\System32\winrnr.dll
0x00007ffa56420000 - 0x00007ffa56435000 	C:\Windows\system32\wshbth.dll
0x00007ffa3a7d0000 - 0x00007ffa3a7ef000 	C:\Windows\system32\nlansp_c.dll
0x00007ffa515b0000 - 0x00007ffa515ba000 	C:\Windows\System32\rasadhlp.dll
0x00007ffa52270000 - 0x00007ffa522f1000 	C:\Windows\System32\fwpuclnt.dll
0x00007ffa5cc90000 - 0x00007ffa5cca8000 	C:\Windows\SYSTEM32\CRYPTSP.dll
0x00007ffa5c480000 - 0x00007ffa5c4b5000 	C:\Windows\system32\rsaenh.dll
0x00007ffa5ca50000 - 0x00007ffa5ca79000 	C:\Windows\SYSTEM32\USERENV.dll
0x00007ffa5cdd0000 - 0x00007ffa5cdf7000 	C:\Windows\SYSTEM32\bcrypt.dll
0x00007ffa5cba0000 - 0x00007ffa5cbac000 	C:\Windows\SYSTEM32\CRYPTBASE.dll
0x00007ffa55270000 - 0x00007ffa55289000 	C:\Windows\SYSTEM32\dhcpcsvc6.DLL
0x00007ffa56400000 - 0x00007ffa5641e000 	C:\Windows\SYSTEM32\dhcpcsvc.DLL
0x00007ffa3f520000 - 0x00007ffa3f52e000 	C:\Program Files\Java\jdk-19\bin\sunmscapi.dll
0x00007ffa5d490000 - 0x00007ffa5d5f2000 	C:\Windows\System32\CRYPT32.dll
0x00007ffa5cda0000 - 0x00007ffa5cdc8000 	C:\Windows\SYSTEM32\ncrypt.dll
0x00007ffa5cd60000 - 0x00007ffa5cd97000 	C:\Windows\SYSTEM32\NTASN1.dll

dbghelp: loaded successfully - version: 4.0.5 - missing functions: none
symbol engine: initialized successfully - sym options: 0x614 - pdb path: .;C:\Program Files\Java\jdk-19\bin;C:\Windows\SYSTEM32;C:\Windows\WinSxS\amd64_microsoft.windows.common-controls_6595b64144ccf1df_6.0.22000.120_none_9d947278b86cc467;C:\Program Files\Java\jdk-19\bin\server;C:\Program Files\JetBrains\IntelliJ IDEA Community Edition 2022.2.3\bin

VM Arguments:
jvm_args: -javaagent:C:\Program Files\JetBrains\IntelliJ IDEA Community Edition 2022.2.3\lib\idea_rt.jar=57832:C:\Program Files\JetBrains\IntelliJ IDEA Community Edition 2022.2.3\bin -Dfile.encoding=UTF-8 -Dsun.stdout.encoding=UTF-8 -Dsun.stderr.encoding=UTF-8 
java_command: com.example.workflow.Application
java_class_path (initial): D:\XmlValidation\XmlValidationProject\target\classes;C:\Users\AgileTZ\.m2\repository\org\springframework\boot\spring-boot-starter-jdbc\3.0.1\spring-boot-starter-jdbc-3.0.1.jar;C:\Users\AgileTZ\.m2\repository\org\springframework\boot\spring-boot-starter\2.7.3\spring-boot-starter-2.7.3.jar;C:\Users\AgileTZ\.m2\repository\org\springframework\boot\spring-boot\2.7.3\spring-boot-2.7.3.jar;C:\Users\AgileTZ\.m2\repository\org\springframework\boot\spring-boot-autoconfigure\2.7.3\spring-boot-autoconfigure-2.7.3.jar;C:\Users\AgileTZ\.m2\repository\org\springframework\boot\spring-boot-starter-logging\2.7.3\spring-boot-starter-logging-2.7.3.jar;C:\Users\AgileTZ\.m2\repository\ch\qos\logback\logback-classic\1.2.11\logback-classic-1.2.11.jar;C:\Users\AgileTZ\.m2\repository\ch\qos\logback\logback-core\1.2.11\logback-core-1.2.11.jar;C:\Users\AgileTZ\.m2\repository\org\apache\logging\log4j\log4j-to-slf4j\2.17.2\log4j-to-slf4j-2.17.2.jar;C:\Users\AgileTZ\.m2\repository\org\apache\logging\log4j\log4j-api\2.17.2\log4j-api-2.17.2.jar;C:\Users\AgileTZ\.m2\repository\org\slf4j\jul-to-slf4j\1.7.36\jul-to-slf4j-1.7.36.jar;C:\Users\AgileTZ\.m2\repository\jakarta\annotation\jakarta.annotation-api\1.3.5\jakarta.annotation-api-1.3.5.jar;C:\Users\AgileTZ\.m2\repository\org\springframework\spring-core\5.3.22\spring-core-5.3.22.jar;C:\Users\AgileTZ\.m2\repository\org\springframework\spring-jcl\5.3.22\spring-jcl-5.3.22.jar;C:\Users\AgileTZ\.m2\repository\org\yaml\snakeyaml\1.30\snakeyaml-1.30.jar;C:\Users\AgileTZ\.m2\repository\com\zaxxer\HikariCP\4.0.3\HikariCP-4.0.3.jar;C:\Users\AgileTZ\.m2\repository\org\springframework\spring-jdbc\5.3.22\spring-jdbc-5.3.22.jar;C:\Users\AgileTZ\.m2\repository\org\springframework\spring-beans\5.3.22\spring-beans-5.3.22.jar;C:\Users\AgileTZ\.m2\repository\org\springframework\spring-tx\5.3.22\spring-tx-5.3.22.jar;C:\Users\AgileTZ\.m2\repository\org\springframework\boot\spring-boot-starter-data-jpa\3.0.1\spring-boot-starter-data-jpa-3.0.1.jar;C:\Users\AgileTZ\.m2\repository\org\springframework\boot\spring-boot-starter-aop\2.7.3\spring-boot-starter-aop-2.7.3.jar;C:\Users\AgileTZ\.m2\repository\org\springframework\spring-aop\5.3.22\spring-aop-5.3.22.jar;C:\Users\AgileTZ\.m2\repository\org\aspectj\aspectjweaver\1.9.7\aspectjweaver-1.9.7.jar;C:\Users\AgileTZ\.m2\repository\org\hibernate\orm\hibernate-core\6.1.6.Final\hibernate-core-6.1.6.Final.jar;C:\Users\AgileTZ\.m2\repository\jakarta\persistence\jakarta.persistence-api\2.2.3\jakarta.persistence-api-2.2.3.jar;C:\Users\AgileTZ\.m2\repository\jakarta\transaction\jakarta.transaction-api\1.3.3\jakarta.transaction-api-1.3.3.jar;C:\Users\AgileTZ\.m2\repository\org\jboss\logging\jboss-logging\3.4.3.Final\jboss-logging-3.4.3.Final.jar;C:\Users\AgileTZ\.m2\repository\org\hibernate\common\hibernate-commons-annotations\6.0.2.Final\hibernate-commons-annotations-6.0.2.Final.jar;C:\Users\AgileTZ\.m2\repository\org\jboss\jandex\2.4.2.Final\jandex-2.4.2.Final.jar;C:\Users\AgileTZ\.m2\repository\com\fasterxml\classmate\1.5.1\classmate-1.5.1.jar;C:\Users\AgileTZ\.m2\repository\net\bytebuddy\byte-buddy\1.12.13\byte-buddy-1.12.13.jar;C:\Users\AgileTZ\.m2\repository\jakarta\xml\bind\jakarta.xml.bind-api\2.3.3\jakarta.xml.bind-api-2.3.3.jar;C:\Users\AgileTZ\.m2\repository\jakarta\activation\jakarta.activation-api\1.2.2\jakarta.activation-api-1.2.2.jar;C:\Users\AgileTZ\.m2\repository\org\glassfish\jaxb\jaxb-runtime\2.3.6\jaxb-runtime-2.3.6.jar;C:\Users\AgileTZ\.m2\repository\org\glassfish\jaxb\txw2\2.3.6\txw2-2.3.6.jar;C:\Users\AgileTZ\.m2\repository\com\sun\istack\istack-commons-runtime\3.0.12\istack-commons-runtime-3.0.12.jar;C:\Users\AgileTZ\.m2\repository\com\sun\activation\jakarta.activation\1.2.2\jakarta.activation-1.2.2.jar;C:\Users\AgileTZ\.m2\repository\jakarta\inject\jakarta.inject-api\2.0.0\jakarta.inject-api-2.0.0.jar;C:\Users\AgileTZ\.m2\repository\org\antlr\antlr4-runtime\4.10.1\antlr4-runtime-4.10.1.jar;C:\Users\AgileTZ\.m2\repository\org\springframework\data\spring-data-jpa\2.7.2\spring-data-jpa-2.7.2.jar;C:\Users\AgileTZ\.m2\repository\org\springframework\data\spring-data-commons\2.7.2\spring-data-commons-2.7.2.jar;C:\Users\AgileTZ\.m2\repository\org\springframework\spring-orm\5.3.22\spring-orm-5.3.22.jar;C:\Users\AgileTZ\.m2\repository\org\springframework\spring-context\5.3.22\spring-context-5.3.22.jar;C:\Users\AgileTZ\.m2\repository\org\springframework\spring-aspects\5.3.22\spring-aspects-5.3.22.jar;C:\Users\AgileTZ\.m2\repository\org\camunda\bpm\springboot\camunda-bpm-spring-boot-starter-rest\7.18.0\camunda-bpm-spring-boot-starter-rest-7.18.0.jar;C:\Users\AgileTZ\.m2\repository\org\camunda\bpm\springboot\camunda-bpm-spring-boot-starter\7.18.0\camunda-bpm-spring-boot-starter-7.18.0.jar;C:\Users\AgileTZ\.m2\repository\org\camunda\bpm\camunda-engine-spring\7.18.0\camunda-engine-spring-7.18.0.jar;C:\Users\AgileTZ\.m2\repository\org\camunda\bpm\camunda-engine\7.18.0\camunda-engine-7.18.0.jar;C:\Users\AgileTZ\.m2\repository\org\camunda\bpm\model\camunda-bpmn-model\7.18.0\camunda-bpmn-model-7.18.0.jar;C:\Users\AgileTZ\.m2\repository\org\camunda\bpm\model\camunda-xml-model\7.18.0\camunda-xml-model-7.18.0.jar;C:\Users\AgileTZ\.m2\repository\org\camunda\bpm\model\camunda-cmmn-model\7.18.0\camunda-cmmn-model-7.18.0.jar;C:\Users\AgileTZ\.m2\repository\org\camunda\bpm\dmn\camunda-engine-dmn\7.18.0\camunda-engine-dmn-7.18.0.jar;C:\Users\AgileTZ\.m2\repository\org\camunda\bpm\model\camunda-dmn-model\7.18.0\camunda-dmn-model-7.18.0.jar;C:\Users\AgileTZ\.m2\repository\org\camunda\bpm\dmn\camunda-engine-feel-api\7.18.0\camunda-engine-feel-api-7.18.0.jar;C:\Users\AgileTZ\.m2\repository\org\camunda\bpm\dmn\camunda-engine-feel-juel\7.18.0\camunda-engine-feel-juel-7.18.0.jar;C:\Users\AgileTZ\.m2\repository\org\camunda\bpm\dmn\camunda-engine-feel-scala\7.18.0\camunda-engine-feel-scala-7.18.0.jar;C:\Users\AgileTZ\.m2\repository\org\camunda\feel\feel-engine\1.14.2\feel-engine-1.14.2-scala-shaded.jar;C:\Users\AgileTZ\.m2\repository\org\camunda\commons\camunda-commons-typed-values\7.18.0\camunda-commons-typed-values-7.18.0.jar;C:\Users\AgileTZ\.m2\repository\org\mybatis\mybatis\3.5.6\mybatis-3.5.6.jar;C:\Users\AgileTZ\.m2\repository\joda-time\joda-time\2.1\joda-time-2.1.jar;C:\Users\AgileTZ\.m2\repository\org\camunda\connect\camunda-connect-connectors-all\1.5.6\camunda-connect-connectors-all-1.5.6.jar;C:\Users\AgileTZ\.m2\repository\org\apache\commons\commons-lang3\3.12.0\commons-lang3-3.12.0.jar;C:\Users\AgileTZ\.m2\repository\com\fasterxml\uuid\java-uuid-generator\3.2.0\java-uuid-generator-3.2.0.jar;C:\Users\AgileTZ\.m2\repository\com\sun\xml\bind\jaxb-impl\2.3.6\jaxb-impl-2.3.6.jar;C:\Users\AgileTZ\.m2\repository\org\camunda\bpm\camunda-engine-rest-core\7.18.0\camunda-engine-rest-core-7.18.0.jar;C:\Users\AgileTZ\.m2\repository\commons-fileupload\commons-fileupload\1.4\commons-fileupload-1.4.jar;C:\Users\AgileTZ\.m2\repository\commons-io\commons-io\2.8.0\commons-io-2.8.0.jar;C:\Users\AgileTZ\.m2\repository\com\fasterxml\jackson\jaxrs\jackson-jaxrs-json-provider\2.13.3\jackson-jaxrs-json-provider-2.13.3.jar;C:\Users\AgileTZ\.m2\repository\com\fasterxml\jackson\jaxrs\jackson-jaxrs-base\2.13.3\jackson-jaxrs-base-2.13.3.jar;C:\Users\AgileTZ\.m2\repository\com\fasterxml\jackson\module\jackson-module-jaxb-annotations\2.13.3\jackson-module-jaxb-annotations-2.13.3.jar;C:\Users\AgileTZ\.m2\repository\com\fasterxml\jackson\core\jackson-databind\2.13.3\jackson-databind-2.13.3.jar;C:\Users\AgileTZ\.m2\repository\com\fasterxml\jackson\core\jackson-annotations\2.13.3\jackson-annotations-2.13.3.jar;C:\Users\AgileTZ\.m2\repository\com\fasterxml\jackson\core\jackson-core\2.13.3\jackson-core-2.13.3.jar;C:\Users\AgileTZ\.m2\repository\com\fasterxml\jackson\datatype\jackson-datatype-jsr310\2.13.3\jackson-datatype-jsr310-2.13.3.jar;C:\Users\AgileTZ\.m2\repository\org\springframework\boot\spring-boot-starter-jersey\2.7.3\spring-boot-starter-jersey-2.7.3.jar;C:\Users\AgileTZ\.m2\repository\org\springframework\boot\spring-boot-starter-validation\2.7.3\spring-boot-starter-validation-2.7.3.jar;C:\Users\AgileTZ\.m2\repository\org\hibernate\validator\hibernate-validator\6.2.4.Final\hibernate-validator-6.2.4.Final.jar;C:\Users\AgileTZ\.m2\repository\org\glassfish\jersey\core\jersey-server\2.35\jersey-server-2.35.jar;C:\Users\AgileTZ\.m2\repository\org\glassfish\jersey\core\jersey-common\2.35\jersey-common-2.35.jar;C:\Users\AgileTZ\.m2\repository\org\glassfish\hk2\osgi-resource-locator\1.0.3\osgi-resource-locator-1.0.3.jar;C:\Users\AgileTZ\.m2\repository\org\glassfish\jersey\core\jersey-client\2.35\jersey-client-2.35.jar;C:\Users\AgileTZ\.m2\repository\jakarta\ws\rs\jakarta.ws.rs-api\2.1.6\jakarta.ws.rs-api-2.1.6.jar;C:\Users\AgileTZ\.m2\repository\org\glassfish\hk2\external\jakarta.inject\2.6.1\jakarta.inject-2.6.1.jar;C:\Users\AgileTZ\.m2\repository\jakarta\validation\jakarta.validation-api\2.0.2\jakarta.validation-api-2.0.2.jar;C:\Users\AgileTZ\.m2\repository\org\glassfish\jersey\containers\jersey-container-servlet-core\2.35\jersey-container-servlet-core-2.35.jar;C:\Users\AgileTZ\.m2\repository\org\glassfish\jersey\containers\jersey-container-servlet\2.35\jersey-container-servlet-2.35.jar;C:\Users\AgileTZ\.m2\repository\org\glassfish\jersey\ext\jersey-bean-validation\2.35\jersey-bean-validation-2.35.jar;C:\Users\AgileTZ\.m2\repository\org\glassfish\jersey\ext\jersey-spring5\2.35\jersey-spring5-2.35.jar;C:\Users\AgileTZ\.m2\repository\org\glassfish\jersey\inject\jersey-hk2\2.35\jersey-hk2-2.35.jar;C:\Users\AgileTZ\.m2\repository\org\glassfish\hk2\hk2-locator\2.6.1\hk2-locator-2.6.1.jar;C:\Users\AgileTZ\.m2\repository\org\glassfish\hk2\external\aopalliance-repackaged\2.6.1\aopalliance-repackaged-2.6.1.jar;C:\Users\AgileTZ\.m2\repository\org\javassist\javassist\3.25.0-GA\javassist-3.25.0-GA.jar;C:\Users\AgileTZ\.m2\repository\org\glassfish\hk2\hk2\2.6.1\hk2-2.6.1.jar;C:\Users\AgileTZ\.m2\repository\org\glassfish\hk2\hk2-utils\2.6.1\hk2-utils-2.6.1.jar;C:\Users\AgileTZ\.m2\repository\org\glassfish\hk2\hk2-api\2.6.1\hk2-api-2.6.1.jar;C:\Users\AgileTZ\.m2\repository\org\glassfish\hk2\hk2-core\2.6.1\hk2-core-2.6.1.jar;C:\Users\AgileTZ\.m2\repository\org\glassfish\hk2\hk2-runlevel\2.6.1\hk2-runlevel-2.6.1.jar;C:\Users\AgileTZ\.m2\repository\org\glassfish\hk2\class-model\2.6.1\class-model-2.6.1.jar;C:\Users\AgileTZ\.m2\repository\org\ow2\asm\asm\7.1\asm-7.1.jar;C:\Users\AgileTZ\.m2\repository\org\ow2\asm\asm-analysis\7.1\asm-analysis-7.1.jar;C:\Users\AgileTZ\.m2\repository\org\ow2\asm\asm-commons\7.1\asm-commons-7.1.jar;C:\Users\AgileTZ\.m2\repository\org\ow2\asm\asm-tree\7.1\asm-tree-7.1.jar;C:\Users\AgileTZ\.m2\repository\org\ow2\asm\asm-util\7.1\asm-util-7.1.jar;C:\Users\AgileTZ\.m2\repository\org\glassfish\hk2\spring-bridge\2.6.1\spring-bridge-2.6.1.jar;C:\Users\AgileTZ\.m2\repository\org\glassfish\jersey\media\jersey-media-json-jackson\2.35\jersey-media-json-jackson-2.35.jar;C:\Users\AgileTZ\.m2\repository\org\glassfish\jersey\ext\jersey-entity-filtering\2.35\jersey-entity-filtering-2.35.jar;C:\Users\AgileTZ\.m2\repository\org\camunda\bpm\springboot\camunda-bpm-spring-boot-starter-webapp\7.18.0\camunda-bpm-spring-boot-starter-webapp-7.18.0.jar;C:\Users\AgileTZ\.m2\repository\org\camunda\bpm\springboot\camunda-bpm-spring-boot-starter-webapp-core\7.18.0\camunda-bpm-spring-boot-starter-webapp-core-7.18.0.jar;C:\Users\AgileTZ\.m2\repository\org\camunda\bpm\webapp\camunda-webapp\7.18.0\camunda-webapp-7.18.0-classes.jar;C:\Users\AgileTZ\.m2\repository\org\camunda\bpm\webapp\camunda-webapp-webjar\7.18.0\camunda-webapp-webjar-7.18.0.jar;C:\Users\AgileTZ\.m2\repository\org\camunda\bpm\camunda-engine-plugin-spin\7.18.0\camunda-engine-plugin-spin-7.18.0.jar;C:\Users\AgileTZ\.m2\repository\org\camunda\spin\camunda-spin-core\1.18.0\camunda-spin-core-1.18.0.jar;C:\Users\AgileTZ\.m2\repository\org\camunda\spin\camunda-spin-dataformat-all\1.18.0\camunda-spin-dataformat-all-1.18.0.jar;C:\Users\AgileTZ\.m2\repository\org\camunda\commons\camunda-commons-logging\1.12.0\camunda-commons-logging-1.12.0.jar;C:\Users\AgileTZ\.m2\repository\org\slf4j\slf4j-api\1.7.36\slf4j-api-1.7.36.jar;C:\Users\AgileTZ\.m2\repository\org\camunda\commons\camunda-commons-utils\1.12.0\camunda-commons-utils-1.12.0.jar;C:\Users\AgileTZ\.m2\repository\org\camunda\bpm\springboot\camunda-bpm-spring-boot-starter-test\7.18.0\camunda-bpm-spring-boot-starter-test-7.18.0.jar;C:\Users\AgileTZ\.m2\repository\org\springframework\boot\spring-boot-starter-test\2.7.3\spring-boot-starter-test-2.7.3.jar;C:\Users\AgileTZ\.m2\repository\org\springframework\boot\spring-boot-test\2.7.3\spring-boot-test-2.7.3.jar;C:\Users\AgileTZ\.m2\repository\org\springframework\boot\spring-boot-test-autoconfigure\2.7.3\spring-boot-test-autoconfigure-2.7.3.jar;C:\Users\AgileTZ\.m2\repository\com\jayway\jsonpath\json-path\2.7.0\json-path-2.7.0.jar;C:\Users\AgileTZ\.m2\repository\net\minidev\json-smart\2.4.8\json-smart-2.4.8.jar;C:\Users\AgileTZ\.m2\repository\net\minidev\accessors-smart\2.4.8\accessors-smart-2.4.8.jar;C:\Users\AgileTZ\.m2\repository\org\assertj\assertj-core\3.22.0\assertj-core-3.22.0.jar;C:\Users\AgileTZ\.m2\repository\org\hamcrest\hamcrest\2.2\hamcrest-2.2.jar;C:\Users\AgileTZ\.m2\repository\org\junit\jupiter\junit-jupiter\5.8.2\junit-jupiter-5.8.2.jar;C:\Users\AgileTZ\.m2\repository\org\junit\jupiter\junit-jupiter-api\5.8.2\junit-jupiter-api-5.8.2.jar;C:\Users\AgileTZ\.m2\repository\org\junit\jupiter\junit-jupiter-params\5.8.2\junit-jupiter-params-5.8.2.jar;C:\Users\AgileTZ\.m2\repository\org\junit\jupiter\junit-jupiter-engine\5.8.2\junit-jupiter-engine-5.8.2.jar;C:\Users\AgileTZ\.m2\repository\org\mockito\mockito-core\4.5.1\mockito-core-4.5.1.jar;C:\Users\AgileTZ\.m2\repository\net\bytebuddy\byte-buddy-agent\1.12.13\byte-buddy-agent-1.12.13.jar;C:\Users\AgileTZ\.m2\repository\org\objenesis\objenesis\3.2\objenesis-3.2.jar;C:\Users\AgileTZ\.m2\repository\org\mockito\mockito-junit-jupiter\4.5.1\mockito-junit-jupiter-4.5.1.jar;C:\Users\AgileTZ\.m2\repository\org\skyscreamer\jsonassert\1.5.1\jsonassert-1.5.1.jar;C:\Users\AgileTZ\.m2\repository\com\vaadin\external\google\android-json\0.0.20131108.vaadin1\android-json-0.0.20131108.vaadin1.jar;C:\Users\AgileTZ\.m2\repository\org\springframework\spring-test\5.3.22\spring-test-5.3.22.jar;C:\Users\AgileTZ\.m2\repository\org\xmlunit\xmlunit-core\2.9.0\xmlunit-core-2.9.0.jar;C:\Users\AgileTZ\.m2\repository\org\junit\vintage\junit-vintage-engine\5.8.2\junit-vintage-engine-5.8.2.jar;C:\Users\AgileTZ\.m2\repository\org\junit\platform\junit-platform-engine\1.8.2\junit-platform-engine-1.8.2.jar;C:\Users\AgileTZ\.m2\repository\org\opentest4j\opentest4j\1.2.0\opentest4j-1.2.0.jar;C:\Users\AgileTZ\.m2\repository\org\junit\platform\junit-platform-commons\1.8.2\junit-platform-commons-1.8.2.jar;C:\Users\AgileTZ\.m2\repository\junit\junit\4.13.2\junit-4.13.2.jar;C:\Users\AgileTZ\.m2\repository\org\apiguardian\apiguardian-api\1.1.2\apiguardian-api-1.1.2.jar;C:\Users\AgileTZ\.m2\repository\org\camunda\bpm\camunda-bpm-assert\7.18.0\camunda-bpm-assert-7.18.0.jar;C:\Users\AgileTZ\.m2\repository\org\springframework\boot\spring-boot-starter-web\2.7.3\spring-boot-starter-web-2.7.3.jar;C:\Users\AgileTZ\.m2\repository\org\springframework\boot\spring-boot-starter-json\2.7.3\spring-boot-starter-json-2.7.3.jar;C:\Users\AgileTZ\.m2\repository\com\fasterxml\jackson\datatype\jackson-datatype-jdk8\2.13.3\jackson-datatype-jdk8-2.13.3.jar;C:\Users\AgileTZ\.m2\repository\com\fasterxml\jackson\module\jackson-module-parameter-names\2.13.3\jackson-module-parameter-names-2.13.3.jar;C:\Users\AgileTZ\.m2\repository\org\springframework\boot\spring-boot-starter-tomcat\2.7.3\spring-boot-starter-tomcat-2.7.3.jar;C:\Users\AgileTZ\.m2\repository\org\apache\tomcat\embed\tomcat-embed-core\9.0.65\tomcat-embed-core-9.0.65.jar;C:\Users\AgileTZ\.m2\repository\org\apache\tomcat\embed\tomcat-embed-el\9.0.65\tomcat-embed-el-9.0.65.jar;C:\Users\AgileTZ\.m2\repository\org\apache\tomcat\embed\tomcat-embed-websocket\9.0.65\tomcat-embed-websocket-9.0.65.jar;C:\Users\AgileTZ\.m2\repository\org\springframework\spring-web\5.3.22\spring-web-5.3.22.jar;C:\Users\AgileTZ\.m2\repository\org\springframework\spring-webmvc\5.3.22\spring-webmvc-5.3.22.jar;C:\Users\AgileTZ\.m2\repository\org\springframework\spring-expression\5.3.22\spring-expression-5.3.22.jar;C:\Users\AgileTZ\.m2\repository\com\mysql\mysql-connector-j\8.0.31\mysql-connector-j-8.0.31.jar;C:\Users\AgileTZ\.m2\repository\com\google\protobuf\protobuf-java\3.19.4\protobuf-java-3.19.4.jar;C:\Users\AgileTZ\.m2\repository\org\projectlombok\lombok\1.18.24\lombok-1.18.24.jar;C:\Users\AgileTZ\.m2\repository\net\sf\saxon\Saxon-HE\10.5\Saxon-HE-10.5.jar;C:\Users\AgileTZ\.m2\repository\org\camunda\bpm\camunda-engine-plugin-connect\7.18.0\camunda-engine-plugin-connect-7.18.0.jar;C:\Users\AgileTZ\.m2\repository\org\camunda\connect\camunda-connect-core\1.5.6\camunda-connect-core-1.5.6.jar;C:\Users\AgileTZ\.m2\repository\org\camunda\connect\camunda-connect-http-client\1.5.6\camunda-connect-http-client-1.5.6.jar;C:\Users\AgileTZ\.m2\repository\org\apache\httpcomponents\httpclient\4.5.13\httpclient-4.5.13.jar;C:\Users\AgileTZ\.m2\repository\org\apache\httpcomponents\httpcore\4.4.15\httpcore-4.4.15.jar;C:\Users\AgileTZ\.m2\repository\commons-codec\commons-codec\1.15\commons-codec-1.15.jar
Launcher Type: SUN_STANDARD

[Global flags]
     intx CICompilerCount                          = 3                                         {product} {ergonomic}
     uint ConcGCThreads                            = 1                                         {product} {ergonomic}
     uint G1ConcRefinementThreads                  = 4                                         {product} {ergonomic}
   size_t G1HeapRegionSize                         = 1048576                                   {product} {ergonomic}
    uintx GCDrainStackTargetSize                   = 64                                        {product} {ergonomic}
   size_t InitialHeapSize                          = 134217728                                 {product} {ergonomic}
   size_t MarkStackSize                            = 4194304                                   {product} {ergonomic}
   size_t MaxHeapSize                              = 2124414976                                {product} {ergonomic}
   size_t MaxNewSize                               = 1274019840                                {product} {ergonomic}
   size_t MinHeapDeltaBytes                        = 1048576                                   {product} {ergonomic}
   size_t MinHeapSize                              = 8388608                                   {product} {ergonomic}
    uintx NonNMethodCodeHeapSize                   = 5832780                                {pd product} {ergonomic}
    uintx NonProfiledCodeHeapSize                  = 122912730                              {pd product} {ergonomic}
    uintx ProfiledCodeHeapSize                     = 122912730                              {pd product} {ergonomic}
    uintx ReservedCodeCacheSize                    = 251658240                              {pd product} {ergonomic}
     bool SegmentedCodeCache                       = true                                      {product} {ergonomic}
   size_t SoftMaxHeapSize                          = 2124414976                             {manageable} {ergonomic}
     bool UseCompressedClassPointers               = true                           {product lp64_product} {ergonomic}
     bool UseCompressedOops                        = true                           {product lp64_product} {ergonomic}
     bool UseG1GC                                  = true                                      {product} {ergonomic}
     bool UseLargePagesIndividualAllocation        = false                                  {pd product} {ergonomic}

Logging:
Log output configuration:
 #0: stdout all=warning uptime,level,tags foldmultilines=false
 #1: stderr all=off uptime,level,tags foldmultilines=false

Environment Variables:
JAVA_HOME=C:\Program Files\Java\jdk-19
CLASSPATH=%CLASSPATH%;C:\Junit4\junit-4.13.2.jar
PATH=C:\Python311\Scripts\;C:\Python311\;C:\Program Files\Common Files\Oracle\Java\javapath;C:\Windows\system32;C:\Windows;C:\Windows\System32\Wbem;C:\Windows\System32\WindowsPowerShell\v1.0\;C:\Windows\System32\OpenSSH\;C:\Program Files\PostgreSQL\15\bin;C:\Program Files (x86)\Microsoft SQL Server\160\Tools\Binn\;C:\Program Files\Microsoft SQL Server\160\Tools\Binn\;C:\Program Files\Microsoft SQL Server\Client SDK\ODBC\170\Tools\Binn\;C:\Program Files\Microsoft SQL Server\160\DTS\Binn\;C:\Program Files (x86)\Microsoft SQL Server\150\DTS\Binn\;C:\Program Files\Azure Data Studio\bin;C:\Program Files\Docker\Docker\resources\bin;C:\Users\AgileTZ\Downloads\keycloak-18.0.2\keycloak-18.0.2\bin;%JAVA_HOME%\bin;C:\Program Files\nodejs\;C:\ProgramData\chocolatey\bin;C:\Users\AgileTZ\Downloads\apache-maven-3.8.6-bin\apache-maven-3.8.6\bin;C:\Program Files\Git\cmd;C:\Program Files\apache-maven-3.8.6\bin;C:\Users\AgileTZ\Downloads\apache-jmeter-5.5\apache-jmeter-5.5\bin;C:\Windows\System32;C:\Windows;C:\Users\AgileTZ\AppData\Local\Temp\Temp1_zatca-einvoicing-sdk-232-R3.1.8.zip\zatca-einvoicing-sdk-232-R3.1.8\Apps\;C:\Python311\Scripts\;C:\Python311\;C:\Program Files\Common Files\Oracle\Java\javapath;C:\Windows\system32;C:\Windows;C:\Windows\System32\Wbem;C:\Windows\System32\WindowsPowerShell\v1.0\;C:\Windows\System32\OpenSSH\;C:\Program Files\PostgreSQL\15\bin;C:\Program Files (x86)\Microsoft SQL Server\160\Tools\Binn\;C:\Program Files\Microsoft SQL Server\160\Tools\Binn\;C:\Program Files\Microsoft SQL Server\Client SDK\ODBC\170\Tools\Binn\;C:\Program Files\Microsoft SQL Server\160\DTS\Binn\;C:\Program Files (x86)\Microsoft SQL Server\150\DTS\Binn\;C:\Program Files\Azure Data Studio\bin;C:\Program Files\Git\cmd;C:\Program Files\Docker\Docker\resources\bin;C:\Users\AgileTZ\Downloads\keycloak-18.0.2\keycloak-18.0.2\bin;C:\Program Files\Java\jdk-19\bin;C:\Program Files\nodejs\;C:\ProgramData\chocolatey\bin;C:\Users\AgileTZ\AppData\Local\Microsoft\WindowsApps;C:\Program Files\Azure Data Studio\bin;C:\Program Files\JetBrains\I;C:\Users\AgileTZ\Downloads\apache-maven-3.8.6-bin\apache-maven-3.8.6\bin;C:\Program Files\apache-maven-3.8.6\bin;
USERNAME=AgileTZ
OS=Windows_NT
PROCESSOR_IDENTIFIER=Intel64 Family 6 Model 69 Stepping 1, GenuineIntel
TMP=C:\Users\AgileTZ\AppData\Local\Temp
TEMP=C:\Users\AgileTZ\AppData\Local\Temp



---------------  S Y S T E M  ---------------

OS:
 Windows 11 , 64 bit Build 22000 (10.0.22000.1335)
OS uptime: 26 days 3:21 hours
Hyper-V role detected

CPU: total 4 (initial active 4) (2 cores per cpu, 2 threads per core) family 6 model 69 stepping 1 microcode 0x26, cx8, cmov, fxsr, ht, mmx, sse, sse2, sse3, ssse3, sse4.1, sse4.2, popcnt, lzcnt, tsc, tscinvbit, avx, avx2, aes, erms, clmul, bmi1, bmi2, fma, vzeroupper, clflush, hv, rdtscp

Memory: 4k page, system-wide physical 8097M (492M free)
TotalPageFile size 20521M (AvailPageFile size 107M)
current process WorkingSet (physical memory assigned to process): 287M, peak: 292M
current process commit charge ("private bytes"): 341M, peak: 459M

vm_info: Java HotSpot(TM) 64-Bit Server VM (19.0.1+10-21) for windows-amd64 JRE (19.0.1+10-21), built on 2022-09-14T12:45:06Z by "mach5one" with MS VC++ 17.1 (VS2022)

END.
